Log file open, 08/31/20 08:55:27
LogWindows: Failed to load 'aqProf.dll' (GetLastError=126)
LogWindows: File 'aqProf.dll' does not exist
LogWindows: Failed to load 'VtuneApi.dll' (GetLastError=126)
LogWindows: File 'VtuneApi.dll' does not exist
LogWindows: Failed to load 'VtuneApi32e.dll' (GetLastError=126)
LogWindows: File 'VtuneApi32e.dll' does not exist
LogConsoleResponse: Display: Failed to find resolution value strings in scalability ini. Falling back to default.
LogInit: Display: Running engine for game: HW1_Animation
LogPlatformFile: Not using cached read wrapper
LogTaskGraph: Started task graph with 5 named threads and 35 total threads with 3 sets of task threads.
LogStats: Stats thread started at 0.049708
LogD3D11RHI: Loaded GFSDK_Aftermath_Lib.x64.dll
LogICUInternationalization: ICU TimeZone Detection - Raw Offset: +8:00, Platform Override: ''
LogPluginManager: Mounting plugin Paper2D
LogPluginManager: Mounting plugin AISupport
LogPluginManager: Mounting plugin LightPropagationVolume
LogPluginManager: Mounting plugin ActorLayerUtilities
LogPluginManager: Mounting plugin AnimationSharing
LogPluginManager: Mounting plugin CLionSourceCodeAccess
LogPluginManager: Mounting plugin CodeLiteSourceCodeAccess
LogPluginManager: Mounting plugin GitSourceControl
LogPluginManager: Mounting plugin KDevelopSourceCodeAccess
LogPluginManager: Mounting plugin NullSourceCodeAccess
LogPluginManager: Mounting plugin PerforceSourceControl
LogPluginManager: Mounting plugin PlasticSourceControl
LogPluginManager: Mounting plugin SubversionSourceControl
LogPluginManager: Mounting plugin UObjectPlugin
LogPluginManager: Mounting plugin VisualStudioCodeSourceCodeAccess
LogPluginManager: Mounting plugin VisualStudioSourceCodeAccess
LogPluginManager: Mounting plugin XCodeSourceCodeAccess
LogPluginManager: Mounting plugin AssetManagerEditor
LogPluginManager: Mounting plugin CryptoKeys
LogPluginManager: Mounting plugin CurveEditorTools
LogPluginManager: Mounting plugin DataValidation
LogPluginManager: Mounting plugin FacialAnimation
LogPluginManager: Mounting plugin GameplayTagsEditor
LogPluginManager: Mounting plugin MacGraphicsSwitching
LogPluginManager: Mounting plugin MaterialAnalyzer
LogPluginManager: Mounting plugin MobileLauncherProfileWizard
LogPluginManager: Mounting plugin PluginBrowser
LogPluginManager: Mounting plugin SpeedTreeImporter
LogPluginManager: Mounting plugin DatasmithContent
LogPluginManager: Mounting plugin VariantManagerContent
LogPluginManager: Mounting plugin AlembicImporter
LogPluginManager: Mounting plugin AutomationUtils
LogPluginManager: Mounting plugin BackChannel
LogPluginManager: Mounting plugin CharacterAI
LogPluginManager: Mounting plugin GeometryCache
LogPluginManager: Mounting plugin PlatformCrypto
LogPluginManager: Mounting plugin ProxyLODPlugin
LogPluginManager: Mounting plugin SkeletalReduction
LogPluginManager: Mounting plugin MagicLeap
LogPluginManager: Mounting plugin MagicLeapMedia
LogPluginManager: Mounting plugin MLSDK
LogPluginManager: Mounting plugin AndroidMedia
LogPluginManager: Mounting plugin AvfMedia
LogPluginManager: Mounting plugin ImgMedia
LogPluginManager: Mounting plugin MediaCompositing
LogPluginManager: Mounting plugin MediaPlayerEditor
LogPluginManager: Mounting plugin WebMMedia
LogPluginManager: Mounting plugin WmfMedia
LogPluginManager: Mounting plugin TcpMessaging
LogPluginManager: Mounting plugin UdpMessaging
LogPluginManager: Mounting plugin ActorSequence
LogPluginManager: Mounting plugin LevelSequenceEditor
LogPluginManager: Mounting plugin MatineeToLevelSequence
LogPluginManager: Mounting plugin NetcodeUnitTest
LogPluginManager: Mounting plugin NUTUnrealEngine4
LogPluginManager: Mounting plugin OnlineSubsystemGooglePlay
LogPluginManager: Mounting plugin OnlineSubsystemIOS
LogPluginManager: Mounting plugin OnlineSubsystem
LogPluginManager: Mounting plugin OnlineSubsystemNull
LogPluginManager: Mounting plugin OnlineSubsystemUtils
LogPluginManager: Mounting plugin LauncherChunkInstaller
LogPluginManager: Mounting plugin AndroidDeviceProfileSelector
LogPluginManager: Mounting plugin AndroidMoviePlayer
LogPluginManager: Mounting plugin AndroidPermission
LogPluginManager: Mounting plugin AppleImageUtils
LogPluginManager: Mounting plugin AppleMoviePlayer
LogPluginManager: Mounting plugin ArchVisCharacter
LogPluginManager: Mounting plugin AssetTags
LogPluginManager: Mounting plugin AudioCapture
LogPluginManager: Mounting plugin CableComponent
LogPluginManager: Mounting plugin CustomMeshComponent
LogPluginManager: Mounting plugin EditableMesh
LogPluginManager: Mounting plugin ExampleDeviceProfileSelector
LogPluginManager: Mounting plugin GoogleCloudMessaging
LogPluginManager: Mounting plugin IOSDeviceProfileSelector
LogPluginManager: Mounting plugin LinuxDeviceProfileSelector
LogPluginManager: Mounting plugin LocationServicesBPLibrary
LogPluginManager: Mounting plugin MobilePatchingUtils
LogPluginManager: Mounting plugin OculusVR
LogPluginManager: Mounting plugin PhysXVehicles
LogPluginManager: Mounting plugin PostSplashScreen
LogPluginManager: Mounting plugin ProceduralMeshComponent
LogPluginManager: Mounting plugin RuntimePhysXCooking
LogPluginManager: Mounting plugin SignificanceManager
LogPluginManager: Mounting plugin SteamVR
LogPluginManager: Mounting plugin WebMMoviePlayer
LogPluginManager: Mounting plugin WindowsMoviePlayer
LogPluginManager: Mounting plugin ScreenshotTools
LogInit: Using libcurl 7.55.1-DEV
LogInit:  - built for x86_64-pc-win32
LogInit:  - supports SSL with OpenSSL/1.1.1
LogInit:  - supports HTTP deflate (compression) using libz 1.2.8
LogInit:  - other features:
LogInit:      CURL_VERSION_SSL
LogInit:      CURL_VERSION_LIBZ
LogInit:      CURL_VERSION_IPV6
LogInit:      CURL_VERSION_ASYNCHDNS
LogInit:      CURL_VERSION_LARGEFILE
LogInit:      CURL_VERSION_IDN
LogInit:  CurlRequestOptions (configurable via config and command line):
LogInit:  - bVerifyPeer = true  - Libcurl will verify peer certificate
LogInit:  - bUseHttpProxy = false  - Libcurl will NOT use HTTP proxy
LogInit:  - bDontReuseConnections = false  - Libcurl will reuse connections
LogInit:  - MaxHostConnections = 16  - Libcurl will limit the number of connections to a host
LogInit:  - LocalHostAddr = Default
LogInit:  - BufferSize = 65536
LogOnline: OSS: Creating online subsystem instance for: NULL
LogInit: WinSock: version 1.1 (2.2), MaxSocks=32767, MaxUdp=65467
LogOnline: OSS: TryLoadSubsystemAndSetDefault: Loaded subsystem for module [NULL]
LogInit: Build: ++UE4+Release-4.24-CL-10757647
LogInit: Engine Version: 4.24.1-10757647+++UE4+Release-4.24
LogInit: Compatible Engine Version: 4.24.0-10570792+++UE4+Release-4.24
LogInit: Net CL: 10570792
LogInit: OS: Windows 10 (Release 1903) (), CPU: Intel(R) Core(TM) i7-8700 CPU @ 3.20GHz, GPU: NVIDIA Quadro P1000
LogInit: Compiled (64-bit): Dec 17 2019 02:08:03
LogInit: Compiled with Visual C++: 19.16.27032.01
LogInit: Build Configuration: Development
LogInit: Branch Name: ++UE4+Release-4.24
LogInit: Command Line: 
LogInit: Base Directory: C:/Program Files/Epic Games/UE_4.24/Engine/Binaries/Win64/
LogInit: Installed Engine Build: 1
LogDevObjectVersion: Number of dev versions registered: 25
LogDevObjectVersion:   Dev-Blueprints (B0D832E4-1F89-4F0D-ACCF-7EB736FD4AA2): 10
LogDevObjectVersion:   Dev-Build (E1C64328-A22C-4D53-A36C-8E866417BD8C): 0
LogDevObjectVersion:   Dev-Core (375EC13C-06E4-48FB-B500-84F0262A717E): 3
LogDevObjectVersion:   Dev-Editor (E4B068ED-F494-42E9-A231-DA0B2E46BB41): 37
LogDevObjectVersion:   Dev-Framework (CFFC743F-43B0-4480-9391-14DF171D2073): 36
LogDevObjectVersion:   Dev-Mobile (B02B49B5-BB20-44E9-A304-32B752E40360): 2
LogDevObjectVersion:   Dev-Networking (A4E4105C-59A1-49B5-A7C5-40C4547EDFEE): 0
LogDevObjectVersion:   Dev-Online (39C831C9-5AE6-47DC-9A44-9C173E1C8E7C): 0
LogDevObjectVersion:   Dev-Physics (78F01B33-EBEA-4F98-B9B4-84EACCB95AA2): 2
LogDevObjectVersion:   Dev-Platform (6631380F-2D4D-43E0-8009-CF276956A95A): 0
LogDevObjectVersion:   Dev-Rendering (12F88B9F-8875-4AFC-A67C-D90C383ABD29): 36
LogDevObjectVersion:   Dev-Sequencer (7B5AE74C-D270-4C10-A958-57980B212A5A): 11
LogDevObjectVersion:   Dev-VR (D7296918-1DD6-4BDD-9DE2-64A83CC13884): 2
LogDevObjectVersion:   Dev-LoadTimes (C2A15278-BFE7-4AFE-6C17-90FF531DF755): 1
LogDevObjectVersion:   Private-Geometry (6EACA3D4-40EC-4CC1-B786-8BED09428FC5): 3
LogDevObjectVersion:   Dev-AnimPhys (29E575DD-E0A3-4627-9D10-D276232CDCEA): 17
LogDevObjectVersion:   Dev-Anim (AF43A65D-7FD3-4947-9873-3E8ED9C1BB05): 2
LogDevObjectVersion:   Dev-ReflectionCapture (6B266CEC-1EC7-4B8F-A30B-E4D90942FC07): 1
LogDevObjectVersion:   Dev-Automation (0DF73D61-A23F-47EA-B727-89E90C41499A): 1
LogDevObjectVersion:   FortniteMain (601D1886-AC64-4F84-AA16-D3DE0DEAC7D6): 31
LogDevObjectVersion:   Dev-Enterprise (9DFFBCD6-494F-0158-E221-12823C92A888): 8
LogDevObjectVersion:   Dev-Niagara (F2AED0AC-9AFE-416F-8664-AA7FFA26D6FC): 1
LogDevObjectVersion:   Dev-Destruction (174F1F0B-B4C6-45A5-B13F-2EE8D0FB917D): 9
LogDevObjectVersion:   Dev-Physics-Ext (35F94A83-E258-406C-A318-09F59610247C): 8
LogDevObjectVersion:   Dev-CineCamera (B2E18506-4273-CFC2-A54E-F4BB758BBA07): 1
LogInit: Presizing for max 25165824 objects, including 0 objects not considered by GC, pre-allocating 0 bytes for permanent pool.
LogInit: Object subsystem initialized
LogConfig: Setting CVar [[con.DebugEarlyDefault:1]]
LogConfig: Setting CVar [[r.setres:1280x720]]
[2020.08.31-00.55.27:314][  0]LogConfig: Setting CVar [[r.VSync:0]]
[2020.08.31-00.55.27:314][  0]LogConfig: Setting CVar [[r.RHICmdBypass:0]]
[2020.08.31-00.55.27:314][  0]LogConfig: Applying CVar settings from Section [/Script/Engine.RendererSettings] File [C:/Users/IM/Desktop/0830/Unreal_HW1_Animation/HW1_Animation/Saved/Config/Windows/Engine.ini]
[2020.08.31-00.55.27:314][  0]LogConfig: Setting CVar [[r.GPUCrashDebugging:0]]
[2020.08.31-00.55.27:314][  0]LogConfig: Applying CVar settings from Section [/Script/Engine.RendererOverrideSettings] File [C:/Users/IM/Desktop/0830/Unreal_HW1_Animation/HW1_Animation/Saved/Config/Windows/Engine.ini]
[2020.08.31-00.55.27:314][  0]LogConfig: Applying CVar settings from Section [/Script/Engine.StreamingSettings] File [C:/Users/IM/Desktop/0830/Unreal_HW1_Animation/HW1_Animation/Saved/Config/Windows/Engine.ini]
[2020.08.31-00.55.27:314][  0]LogConfig: Setting CVar [[s.MinBulkDataSizeForAsyncLoading:131072]]
[2020.08.31-00.55.27:314][  0]LogConfig: Setting CVar [[s.AsyncLoadingThreadEnabled:0]]
[2020.08.31-00.55.27:314][  0]LogConfig: Setting CVar [[s.EventDrivenLoaderEnabled:1]]
[2020.08.31-00.55.27:314][  0]LogConfig: Setting CVar [[s.WarnIfTimeLimitExceeded:0]]
[2020.08.31-00.55.27:314][  0]LogConfig: Setting CVar [[s.TimeLimitExceededMultiplier:1.5]]
[2020.08.31-00.55.27:314][  0]LogConfig: Setting CVar [[s.TimeLimitExceededMinTime:0.005]]
[2020.08.31-00.55.27:314][  0]LogConfig: Setting CVar [[s.UseBackgroundLevelStreaming:1]]
[2020.08.31-00.55.27:314][  0]LogConfig: Setting CVar [[s.PriorityAsyncLoadingExtraTime:15.0]]
[2020.08.31-00.55.27:314][  0]LogConfig: Setting CVar [[s.LevelStreamingActorsUpdateTimeLimit:5.0]]
[2020.08.31-00.55.27:314][  0]LogConfig: Setting CVar [[s.PriorityLevelStreamingActorsUpdateExtraTime:5.0]]
[2020.08.31-00.55.27:314][  0]LogConfig: Setting CVar [[s.LevelStreamingComponentsRegistrationGranularity:10]]
[2020.08.31-00.55.27:314][  0]LogConfig: Setting CVar [[s.UnregisterComponentsTimeLimit:1.0]]
[2020.08.31-00.55.27:314][  0]LogConfig: Setting CVar [[s.LevelStreamingComponentsUnregistrationGranularity:5]]
[2020.08.31-00.55.27:314][  0]LogConfig: Setting CVar [[s.FlushStreamingOnExit:1]]
[2020.08.31-00.55.27:314][  0]LogConfig: Applying CVar settings from Section [/Script/Engine.GarbageCollectionSettings] File [C:/Users/IM/Desktop/0830/Unreal_HW1_Animation/HW1_Animation/Saved/Config/Windows/Engine.ini]
[2020.08.31-00.55.27:314][  0]LogConfig: Setting CVar [[gc.MaxObjectsNotConsideredByGC:1]]
[2020.08.31-00.55.27:314][  0]LogConfig: Setting CVar [[gc.SizeOfPermanentObjectPool:0]]
[2020.08.31-00.55.27:314][  0]LogConfig: Setting CVar [[gc.FlushStreamingOnGC:0]]
[2020.08.31-00.55.27:314][  0]LogConfig: Setting CVar [[gc.NumRetriesBeforeForcingGC:10]]
[2020.08.31-00.55.27:314][  0]LogConfig: Setting CVar [[gc.AllowParallelGC:1]]
[2020.08.31-00.55.27:314][  0]LogConfig: Setting CVar [[gc.TimeBetweenPurgingPendingKillObjects:61.1]]
[2020.08.31-00.55.27:314][  0]LogConfig: Setting CVar [[gc.MaxObjectsInEditor:25165824]]
[2020.08.31-00.55.27:314][  0]LogConfig: Setting CVar [[gc.IncrementalBeginDestroyEnabled:1]]
[2020.08.31-00.55.27:314][  0]LogConfig: Setting CVar [[gc.CreateGCClusters:1]]
[2020.08.31-00.55.27:314][  0]LogConfig: Setting CVar [[gc.MinGCClusterSize:5]]
[2020.08.31-00.55.27:314][  0]LogConfig: Setting CVar [[gc.ActorClusteringEnabled:0]]
[2020.08.31-00.55.27:314][  0]LogConfig: Setting CVar [[gc.BlueprintClusteringEnabled:0]]
[2020.08.31-00.55.27:314][  0]LogConfig: Setting CVar [[gc.UseDisregardForGCOnDedicatedServers:0]]
[2020.08.31-00.55.27:314][  0]LogConfig: Applying CVar settings from Section [/Script/Engine.NetworkSettings] File [C:/Users/IM/Desktop/0830/Unreal_HW1_Animation/HW1_Animation/Saved/Config/Windows/Engine.ini]
[2020.08.31-00.55.27:314][  0]LogConfig: Applying CVar settings from Section [/Script/UnrealEd.CookerSettings] File [C:/Users/IM/Desktop/0830/Unreal_HW1_Animation/HW1_Animation/Saved/Config/Windows/Engine.ini]
[2020.08.31-00.55.27:316][  0]LogConfig: Applying CVar settings from Section [ViewDistanceQuality@3] File [C:/Users/IM/Desktop/0830/Unreal_HW1_Animation/HW1_Animation/Saved/Config/Windows/Scalability.ini]
[2020.08.31-00.55.27:316][  0]LogConfig: Setting CVar [[r.SkeletalMeshLODBias:0]]
[2020.08.31-00.55.27:316][  0]LogConfig: Setting CVar [[r.ViewDistanceScale:1.0]]
[2020.08.31-00.55.27:316][  0]LogConfig: Applying CVar settings from Section [AntiAliasingQuality@3] File [C:/Users/IM/Desktop/0830/Unreal_HW1_Animation/HW1_Animation/Saved/Config/Windows/Scalability.ini]
[2020.08.31-00.55.27:316][  0]LogConfig: Setting CVar [[r.PostProcessAAQuality:4]]
[2020.08.31-00.55.27:316][  0]LogConfig: Applying CVar settings from Section [ShadowQuality@3] File [C:/Users/IM/Desktop/0830/Unreal_HW1_Animation/HW1_Animation/Saved/Config/Windows/Scalability.ini]
[2020.08.31-00.55.27:316][  0]LogConfig: Setting CVar [[r.LightFunctionQuality:1]]
[2020.08.31-00.55.27:316][  0]LogConfig: Setting CVar [[r.ShadowQuality:5]]
[2020.08.31-00.55.27:316][  0]LogConfig: Setting CVar [[r.Shadow.CSM.MaxCascades:10]]
[2020.08.31-00.55.27:316][  0]LogConfig: Setting CVar [[r.Shadow.MaxResolution:2048]]
[2020.08.31-00.55.27:316][  0]LogConfig: Setting CVar [[r.Shadow.MaxCSMResolution:2048]]
[2020.08.31-00.55.27:316][  0]LogConfig: Setting CVar [[r.Shadow.RadiusThreshold:0.01]]
[2020.08.31-00.55.27:316][  0]LogConfig: Setting CVar [[r.Shadow.DistanceScale:1.0]]
[2020.08.31-00.55.27:316][  0]LogConfig: Setting CVar [[r.Shadow.CSM.TransitionScale:1.0]]
[2020.08.31-00.55.27:316][  0]LogConfig: Setting CVar [[r.Shadow.PreShadowResolutionFactor:1.0]]
[2020.08.31-00.55.27:316][  0]LogConfig: Setting CVar [[r.DistanceFieldShadowing:1]]
[2020.08.31-00.55.27:316][  0]LogConfig: Setting CVar [[r.DistanceFieldAO:1]]
[2020.08.31-00.55.27:316][  0]LogConfig: Setting CVar [[r.AOQuality:2]]
[2020.08.31-00.55.27:316][  0]LogConfig: Setting CVar [[r.VolumetricFog:1]]
[2020.08.31-00.55.27:316][  0]LogConfig: Setting CVar [[r.VolumetricFog.GridPixelSize:8]]
[2020.08.31-00.55.27:316][  0]LogConfig: Setting CVar [[r.VolumetricFog.GridSizeZ:128]]
[2020.08.31-00.55.27:316][  0]LogConfig: Setting CVar [[r.VolumetricFog.HistoryMissSupersampleCount:4]]
[2020.08.31-00.55.27:316][  0]LogConfig: Setting CVar [[r.LightMaxDrawDistanceScale:1]]
[2020.08.31-00.55.27:316][  0]LogConfig: Setting CVar [[r.CapsuleShadows:1]]
[2020.08.31-00.55.27:316][  0]LogConfig: Applying CVar settings from Section [PostProcessQuality@3] File [C:/Users/IM/Desktop/0830/Unreal_HW1_Animation/HW1_Animation/Saved/Config/Windows/Scalability.ini]
[2020.08.31-00.55.27:316][  0]LogConfig: Setting CVar [[r.MotionBlurQuality:4]]
[2020.08.31-00.55.27:316][  0]LogConfig: Setting CVar [[r.AmbientOcclusionMipLevelFactor:0.4]]
[2020.08.31-00.55.27:316][  0]LogConfig: Setting CVar [[r.AmbientOcclusionMaxQuality:100]]
[2020.08.31-00.55.27:316][  0]LogConfig: Setting CVar [[r.AmbientOcclusionLevels:-1]]
[2020.08.31-00.55.27:316][  0]LogConfig: Setting CVar [[r.AmbientOcclusionRadiusScale:1.0]]
[2020.08.31-00.55.27:316][  0]LogConfig: Setting CVar [[r.DepthOfFieldQuality:2]]
[2020.08.31-00.55.27:316][  0]LogConfig: Setting CVar [[r.RenderTargetPoolMin:400]]
[2020.08.31-00.55.27:316][  0]LogConfig: Setting CVar [[r.LensFlareQuality:2]]
[2020.08.31-00.55.27:316][  0]LogConfig: Setting CVar [[r.SceneColorFringeQuality:1]]
[2020.08.31-00.55.27:316][  0]LogConfig: Setting CVar [[r.EyeAdaptationQuality:2]]
[2020.08.31-00.55.27:316][  0]LogConfig: Setting CVar [[r.BloomQuality:5]]
[2020.08.31-00.55.27:316][  0]LogConfig: Setting CVar [[r.FastBlurThreshold:100]]
[2020.08.31-00.55.27:316][  0]LogConfig: Setting CVar [[r.Upscale.Quality:3]]
[2020.08.31-00.55.27:316][  0]LogConfig: Setting CVar [[r.Tonemapper.GrainQuantization:1]]
[2020.08.31-00.55.27:316][  0]LogConfig: Setting CVar [[r.LightShaftQuality:1]]
[2020.08.31-00.55.27:316][  0]LogConfig: Setting CVar [[r.Filter.SizeScale:1]]
[2020.08.31-00.55.27:316][  0]LogConfig: Setting CVar [[r.Tonemapper.Quality:5]]
[2020.08.31-00.55.27:316][  0]LogConfig: Setting CVar [[r.DOF.Gather.AccumulatorQuality:1        ; higher gathering accumulator quality]]
[2020.08.31-00.55.27:317][  0]LogConfig: Setting CVar [[r.DOF.Gather.PostfilterMethod:1          ; Median3x3 postfilering method]]
[2020.08.31-00.55.27:317][  0]LogConfig: Setting CVar [[r.DOF.Gather.EnableBokehSettings:0       ; no bokeh simulation when gathering]]
[2020.08.31-00.55.27:317][  0]LogConfig: Setting CVar [[r.DOF.Gather.RingCount:4                 ; medium number of samples when gathering]]
[2020.08.31-00.55.27:317][  0]LogConfig: Setting CVar [[r.DOF.Scatter.ForegroundCompositing:1    ; additive foreground scattering]]
[2020.08.31-00.55.27:317][  0]LogConfig: Setting CVar [[r.DOF.Scatter.BackgroundCompositing:2    ; additive background scattering]]
[2020.08.31-00.55.27:317][  0]LogConfig: Setting CVar [[r.DOF.Scatter.EnableBokehSettings:1      ; bokeh simulation when scattering]]
[2020.08.31-00.55.27:317][  0]LogConfig: Setting CVar [[r.DOF.Scatter.MaxSpriteRatio:0.1         ; only a maximum of 10% of scattered bokeh]]
[2020.08.31-00.55.27:317][  0]LogConfig: Setting CVar [[r.DOF.Recombine.Quality:1                ; cheap slight out of focus]]
[2020.08.31-00.55.27:317][  0]LogConfig: Setting CVar [[r.DOF.Recombine.EnableBokehSettings:0    ; no bokeh simulation on slight out of focus]]
[2020.08.31-00.55.27:317][  0]LogConfig: Setting CVar [[r.DOF.TemporalAAQuality:1                ; more stable temporal accumulation]]
[2020.08.31-00.55.27:317][  0]LogConfig: Setting CVar [[r.DOF.Kernel.MaxForegroundRadius:0.025]]
[2020.08.31-00.55.27:317][  0]LogConfig: Setting CVar [[r.DOF.Kernel.MaxBackgroundRadius:0.025]]
[2020.08.31-00.55.27:317][  0]LogConfig: Applying CVar settings from Section [TextureQuality@3] File [C:/Users/IM/Desktop/0830/Unreal_HW1_Animation/HW1_Animation/Saved/Config/Windows/Scalability.ini]
[2020.08.31-00.55.27:317][  0]LogConfig: Setting CVar [[r.Streaming.MipBias:0]]
[2020.08.31-00.55.27:317][  0]LogConfig: Setting CVar [[r.Streaming.AmortizeCPUToGPUCopy:0]]
[2020.08.31-00.55.27:317][  0]LogConfig: Setting CVar [[r.Streaming.MaxNumTexturesToStreamPerFrame:0]]
[2020.08.31-00.55.27:317][  0]LogConfig: Setting CVar [[r.Streaming.Boost:1]]
[2020.08.31-00.55.27:317][  0]LogConfig: Setting CVar [[r.MaxAnisotropy:8]]
[2020.08.31-00.55.27:317][  0]LogConfig: Setting CVar [[r.VT.MaxAnisotropy:8]]
[2020.08.31-00.55.27:317][  0]LogConfig: Setting CVar [[r.Streaming.LimitPoolSizeToVRAM:0]]
[2020.08.31-00.55.27:317][  0]LogConfig: Setting CVar [[r.Streaming.PoolSize:1000]]
[2020.08.31-00.55.27:317][  0]LogConfig: Setting CVar [[r.Streaming.MaxEffectiveScreenSize:0]]
[2020.08.31-00.55.27:317][  0]LogConfig: Applying CVar settings from Section [EffectsQuality@3] File [C:/Users/IM/Desktop/0830/Unreal_HW1_Animation/HW1_Animation/Saved/Config/Windows/Scalability.ini]
[2020.08.31-00.55.27:317][  0]LogConfig: Setting CVar [[r.TranslucencyLightingVolumeDim:64]]
[2020.08.31-00.55.27:317][  0]LogConfig: Setting CVar [[r.RefractionQuality:2]]
[2020.08.31-00.55.27:317][  0]LogConfig: Setting CVar [[r.SSR.Quality:3]]
[2020.08.31-00.55.27:317][  0]LogConfig: Setting CVar [[r.SSR.HalfResSceneColor:0]]
[2020.08.31-00.55.27:317][  0]LogConfig: Setting CVar [[r.SceneColorFormat:4]]
[2020.08.31-00.55.27:317][  0]LogConfig: Setting CVar [[r.DetailMode:2]]
[2020.08.31-00.55.27:317][  0]LogConfig: Setting CVar [[r.TranslucencyVolumeBlur:1]]
[2020.08.31-00.55.27:317][  0]LogConfig: Setting CVar [[r.MaterialQualityLevel:1 ; High quality]]
[2020.08.31-00.55.27:317][  0]LogConfig: Setting CVar [[r.SSS.Scale:1]]
[2020.08.31-00.55.27:317][  0]LogConfig: Setting CVar [[r.SSS.SampleSet:2]]
[2020.08.31-00.55.27:317][  0]LogConfig: Setting CVar [[r.SSS.Quality:1]]
[2020.08.31-00.55.27:317][  0]LogConfig: Setting CVar [[r.SSS.HalfRes:1]]
[2020.08.31-00.55.27:317][  0]LogConfig: Setting CVar [[r.SSGI.Quality:3]]
[2020.08.31-00.55.27:317][  0]LogConfig: Setting CVar [[r.EmitterSpawnRateScale:1.0]]
[2020.08.31-00.55.27:317][  0]LogConfig: Setting CVar [[r.ParticleLightQuality:2]]
[2020.08.31-00.55.27:317][  0]LogConfig: Setting CVar [[r.SkyAtmosphere.AerialPerspectiveLUT.FastApplyOnOpaque:1 ; Always have FastSkyLUT 1 in this case to avoid wrong sky]]
[2020.08.31-00.55.27:317][  0]LogConfig: Setting CVar [[r.SkyAtmosphere.AerialPerspectiveLUT.SampleCountPerSlice:1]]
[2020.08.31-00.55.27:317][  0]LogConfig: Setting CVar [[r.SkyAtmosphere.AerialPerspectiveLUT.DepthResolution:16.0]]
[2020.08.31-00.55.27:317][  0]LogConfig: Setting CVar [[r.SkyAtmosphere.FastSkyLUT:1]]
[2020.08.31-00.55.27:317][  0]LogConfig: Setting CVar [[r.SkyAtmosphere.FastSkyLUT.SampleCountMin:4.0]]
[2020.08.31-00.55.27:317][  0]LogConfig: Setting CVar [[r.SkyAtmosphere.FastSkyLUT.SampleCountMax:32.0]]
[2020.08.31-00.55.27:317][  0]LogConfig: Setting CVar [[r.SkyAtmosphere.SampleCountMin:4.0]]
[2020.08.31-00.55.27:317][  0]LogConfig: Setting CVar [[r.SkyAtmosphere.SampleCountMax:32.0]]
[2020.08.31-00.55.27:317][  0]LogConfig: Setting CVar [[r.SkyAtmosphere.TransmittanceLUT.UseSmallFormat:0]]
[2020.08.31-00.55.27:317][  0]LogConfig: Setting CVar [[r.SkyAtmosphere.TransmittanceLUT.SampleCount:10.0]]
[2020.08.31-00.55.27:317][  0]LogConfig: Setting CVar [[r.SkyAtmosphere.MultiScatteringLUT.SampleCount:15.0]]
[2020.08.31-00.55.27:317][  0]LogConfig: Applying CVar settings from Section [FoliageQuality@3] File [C:/Users/IM/Desktop/0830/Unreal_HW1_Animation/HW1_Animation/Saved/Config/Windows/Scalability.ini]
[2020.08.31-00.55.27:317][  0]LogConfig: Setting CVar [[foliage.DensityScale:1.0]]
[2020.08.31-00.55.27:317][  0]LogConfig: Setting CVar [[grass.DensityScale:1.0]]
[2020.08.31-00.55.27:317][  0]LogConfig: Applying CVar settings from Section [ShadingQuality@3] File [C:/Users/IM/Desktop/0830/Unreal_HW1_Animation/HW1_Animation/Saved/Config/Windows/Scalability.ini]
[2020.08.31-00.55.27:317][  0]LogConfig: Setting CVar [[r.HairStrands.SkyLighting.SampleCount:16]]
[2020.08.31-00.55.27:317][  0]LogConfig: Setting CVar [[r.HairStrands.SkyLighting.JitterIntegration:0]]
[2020.08.31-00.55.27:317][  0]LogConfig: Setting CVar [[r.HairStrands.SkyAO.SampleCount:16]]
[2020.08.31-00.55.27:317][  0]LogInit: Selected Device Profile: [Windows]
[2020.08.31-00.55.27:317][  0]LogInit: Applying CVar settings loaded from the selected device profile: [Windows]
[2020.08.31-00.55.27:319][  0]LogHAL: Display: Platform has ~ 16 GB [17048686592 / 17179869184 / 16], which maps to Larger [LargestMinGB=32, LargerMinGB=12, DefaultMinGB=8, SmallerMinGB=6, SmallestMinGB=0)
[2020.08.31-00.55.27:319][  0]LogInit: Going up to parent DeviceProfile []
[2020.08.31-00.55.27:319][  0]LogConfig: Applying CVar settings from Section [ViewDistanceQuality@3] File [C:/Users/IM/Desktop/0830/Unreal_HW1_Animation/HW1_Animation/Saved/Config/Windows/Scalability.ini]
[2020.08.31-00.55.27:319][  0]LogConfig: Setting CVar [[r.SkeletalMeshLODBias:0]]
[2020.08.31-00.55.27:319][  0]LogConfig: Setting CVar [[r.ViewDistanceScale:1.0]]
[2020.08.31-00.55.27:319][  0]LogConfig: Applying CVar settings from Section [AntiAliasingQuality@3] File [C:/Users/IM/Desktop/0830/Unreal_HW1_Animation/HW1_Animation/Saved/Config/Windows/Scalability.ini]
[2020.08.31-00.55.27:319][  0]LogConfig: Setting CVar [[r.PostProcessAAQuality:4]]
[2020.08.31-00.55.27:319][  0]LogConfig: Applying CVar settings from Section [ShadowQuality@3] File [C:/Users/IM/Desktop/0830/Unreal_HW1_Animation/HW1_Animation/Saved/Config/Windows/Scalability.ini]
[2020.08.31-00.55.27:319][  0]LogConfig: Setting CVar [[r.LightFunctionQuality:1]]
[2020.08.31-00.55.27:319][  0]LogConfig: Setting CVar [[r.ShadowQuality:5]]
[2020.08.31-00.55.27:319][  0]LogConfig: Setting CVar [[r.Shadow.CSM.MaxCascades:10]]
[2020.08.31-00.55.27:319][  0]LogConfig: Setting CVar [[r.Shadow.MaxResolution:2048]]
[2020.08.31-00.55.27:319][  0]LogConfig: Setting CVar [[r.Shadow.MaxCSMResolution:2048]]
[2020.08.31-00.55.27:319][  0]LogConfig: Setting CVar [[r.Shadow.RadiusThreshold:0.01]]
[2020.08.31-00.55.27:319][  0]LogConfig: Setting CVar [[r.Shadow.DistanceScale:1.0]]
[2020.08.31-00.55.27:319][  0]LogConfig: Setting CVar [[r.Shadow.CSM.TransitionScale:1.0]]
[2020.08.31-00.55.27:319][  0]LogConfig: Setting CVar [[r.Shadow.PreShadowResolutionFactor:1.0]]
[2020.08.31-00.55.27:319][  0]LogConfig: Setting CVar [[r.DistanceFieldShadowing:1]]
[2020.08.31-00.55.27:319][  0]LogConfig: Setting CVar [[r.DistanceFieldAO:1]]
[2020.08.31-00.55.27:319][  0]LogConfig: Setting CVar [[r.AOQuality:2]]
[2020.08.31-00.55.27:319][  0]LogConfig: Setting CVar [[r.VolumetricFog:1]]
[2020.08.31-00.55.27:319][  0]LogConfig: Setting CVar [[r.VolumetricFog.GridPixelSize:8]]
[2020.08.31-00.55.27:319][  0]LogConfig: Setting CVar [[r.VolumetricFog.GridSizeZ:128]]
[2020.08.31-00.55.27:319][  0]LogConfig: Setting CVar [[r.VolumetricFog.HistoryMissSupersampleCount:4]]
[2020.08.31-00.55.27:319][  0]LogConfig: Setting CVar [[r.LightMaxDrawDistanceScale:1]]
[2020.08.31-00.55.27:319][  0]LogConfig: Setting CVar [[r.CapsuleShadows:1]]
[2020.08.31-00.55.27:319][  0]LogConfig: Applying CVar settings from Section [PostProcessQuality@3] File [C:/Users/IM/Desktop/0830/Unreal_HW1_Animation/HW1_Animation/Saved/Config/Windows/Scalability.ini]
[2020.08.31-00.55.27:319][  0]LogConfig: Setting CVar [[r.MotionBlurQuality:4]]
[2020.08.31-00.55.27:319][  0]LogConfig: Setting CVar [[r.AmbientOcclusionMipLevelFactor:0.4]]
[2020.08.31-00.55.27:319][  0]LogConfig: Setting CVar [[r.AmbientOcclusionMaxQuality:100]]
[2020.08.31-00.55.27:319][  0]LogConfig: Setting CVar [[r.AmbientOcclusionLevels:-1]]
[2020.08.31-00.55.27:319][  0]LogConfig: Setting CVar [[r.AmbientOcclusionRadiusScale:1.0]]
[2020.08.31-00.55.27:319][  0]LogConfig: Setting CVar [[r.DepthOfFieldQuality:2]]
[2020.08.31-00.55.27:319][  0]LogConfig: Setting CVar [[r.RenderTargetPoolMin:400]]
[2020.08.31-00.55.27:319][  0]LogConfig: Setting CVar [[r.LensFlareQuality:2]]
[2020.08.31-00.55.27:319][  0]LogConfig: Setting CVar [[r.SceneColorFringeQuality:1]]
[2020.08.31-00.55.27:320][  0]LogConfig: Setting CVar [[r.EyeAdaptationQuality:2]]
[2020.08.31-00.55.27:320][  0]LogConfig: Setting CVar [[r.BloomQuality:5]]
[2020.08.31-00.55.27:320][  0]LogConfig: Setting CVar [[r.FastBlurThreshold:100]]
[2020.08.31-00.55.27:320][  0]LogConfig: Setting CVar [[r.Upscale.Quality:3]]
[2020.08.31-00.55.27:320][  0]LogConfig: Setting CVar [[r.Tonemapper.GrainQuantization:1]]
[2020.08.31-00.55.27:320][  0]LogConfig: Setting CVar [[r.LightShaftQuality:1]]
[2020.08.31-00.55.27:320][  0]LogConfig: Setting CVar [[r.Filter.SizeScale:1]]
[2020.08.31-00.55.27:320][  0]LogConfig: Setting CVar [[r.Tonemapper.Quality:5]]
[2020.08.31-00.55.27:320][  0]LogConfig: Setting CVar [[r.DOF.Gather.AccumulatorQuality:1        ; higher gathering accumulator quality]]
[2020.08.31-00.55.27:320][  0]LogConfig: Setting CVar [[r.DOF.Gather.PostfilterMethod:1          ; Median3x3 postfilering method]]
[2020.08.31-00.55.27:320][  0]LogConfig: Setting CVar [[r.DOF.Gather.EnableBokehSettings:0       ; no bokeh simulation when gathering]]
[2020.08.31-00.55.27:320][  0]LogConfig: Setting CVar [[r.DOF.Gather.RingCount:4                 ; medium number of samples when gathering]]
[2020.08.31-00.55.27:320][  0]LogConfig: Setting CVar [[r.DOF.Scatter.ForegroundCompositing:1    ; additive foreground scattering]]
[2020.08.31-00.55.27:320][  0]LogConfig: Setting CVar [[r.DOF.Scatter.BackgroundCompositing:2    ; additive background scattering]]
[2020.08.31-00.55.27:320][  0]LogConfig: Setting CVar [[r.DOF.Scatter.EnableBokehSettings:1      ; bokeh simulation when scattering]]
[2020.08.31-00.55.27:320][  0]LogConfig: Setting CVar [[r.DOF.Scatter.MaxSpriteRatio:0.1         ; only a maximum of 10% of scattered bokeh]]
[2020.08.31-00.55.27:320][  0]LogConfig: Setting CVar [[r.DOF.Recombine.Quality:1                ; cheap slight out of focus]]
[2020.08.31-00.55.27:320][  0]LogConfig: Setting CVar [[r.DOF.Recombine.EnableBokehSettings:0    ; no bokeh simulation on slight out of focus]]
[2020.08.31-00.55.27:320][  0]LogConfig: Setting CVar [[r.DOF.TemporalAAQuality:1                ; more stable temporal accumulation]]
[2020.08.31-00.55.27:320][  0]LogConfig: Setting CVar [[r.DOF.Kernel.MaxForegroundRadius:0.025]]
[2020.08.31-00.55.27:320][  0]LogConfig: Setting CVar [[r.DOF.Kernel.MaxBackgroundRadius:0.025]]
[2020.08.31-00.55.27:320][  0]LogConfig: Applying CVar settings from Section [TextureQuality@3] File [C:/Users/IM/Desktop/0830/Unreal_HW1_Animation/HW1_Animation/Saved/Config/Windows/Scalability.ini]
[2020.08.31-00.55.27:320][  0]LogConfig: Setting CVar [[r.Streaming.MipBias:0]]
[2020.08.31-00.55.27:320][  0]LogConfig: Setting CVar [[r.Streaming.AmortizeCPUToGPUCopy:0]]
[2020.08.31-00.55.27:320][  0]LogConfig: Setting CVar [[r.Streaming.MaxNumTexturesToStreamPerFrame:0]]
[2020.08.31-00.55.27:320][  0]LogConfig: Setting CVar [[r.Streaming.Boost:1]]
[2020.08.31-00.55.27:320][  0]LogConfig: Setting CVar [[r.MaxAnisotropy:8]]
[2020.08.31-00.55.27:320][  0]LogConfig: Setting CVar [[r.VT.MaxAnisotropy:8]]
[2020.08.31-00.55.27:320][  0]LogConfig: Setting CVar [[r.Streaming.LimitPoolSizeToVRAM:0]]
[2020.08.31-00.55.27:320][  0]LogConfig: Setting CVar [[r.Streaming.PoolSize:1000]]
[2020.08.31-00.55.27:320][  0]LogConfig: Setting CVar [[r.Streaming.MaxEffectiveScreenSize:0]]
[2020.08.31-00.55.27:320][  0]LogConfig: Applying CVar settings from Section [EffectsQuality@3] File [C:/Users/IM/Desktop/0830/Unreal_HW1_Animation/HW1_Animation/Saved/Config/Windows/Scalability.ini]
[2020.08.31-00.55.27:320][  0]LogConfig: Setting CVar [[r.TranslucencyLightingVolumeDim:64]]
[2020.08.31-00.55.27:320][  0]LogConfig: Setting CVar [[r.RefractionQuality:2]]
[2020.08.31-00.55.27:320][  0]LogConfig: Setting CVar [[r.SSR.Quality:3]]
[2020.08.31-00.55.27:320][  0]LogConfig: Setting CVar [[r.SSR.HalfResSceneColor:0]]
[2020.08.31-00.55.27:320][  0]LogConfig: Setting CVar [[r.SceneColorFormat:4]]
[2020.08.31-00.55.27:320][  0]LogConfig: Setting CVar [[r.DetailMode:2]]
[2020.08.31-00.55.27:320][  0]LogConfig: Setting CVar [[r.TranslucencyVolumeBlur:1]]
[2020.08.31-00.55.27:320][  0]LogConfig: Setting CVar [[r.MaterialQualityLevel:1 ; High quality]]
[2020.08.31-00.55.27:320][  0]LogConfig: Setting CVar [[r.SSS.Scale:1]]
[2020.08.31-00.55.27:320][  0]LogConfig: Setting CVar [[r.SSS.SampleSet:2]]
[2020.08.31-00.55.27:320][  0]LogConfig: Setting CVar [[r.SSS.Quality:1]]
[2020.08.31-00.55.27:320][  0]LogConfig: Setting CVar [[r.SSS.HalfRes:1]]
[2020.08.31-00.55.27:320][  0]LogConfig: Setting CVar [[r.SSGI.Quality:3]]
[2020.08.31-00.55.27:320][  0]LogConfig: Setting CVar [[r.EmitterSpawnRateScale:1.0]]
[2020.08.31-00.55.27:320][  0]LogConfig: Setting CVar [[r.ParticleLightQuality:2]]
[2020.08.31-00.55.27:320][  0]LogConfig: Setting CVar [[r.SkyAtmosphere.AerialPerspectiveLUT.FastApplyOnOpaque:1 ; Always have FastSkyLUT 1 in this case to avoid wrong sky]]
[2020.08.31-00.55.27:320][  0]LogConfig: Setting CVar [[r.SkyAtmosphere.AerialPerspectiveLUT.SampleCountPerSlice:1]]
[2020.08.31-00.55.27:320][  0]LogConfig: Setting CVar [[r.SkyAtmosphere.AerialPerspectiveLUT.DepthResolution:16.0]]
[2020.08.31-00.55.27:320][  0]LogConfig: Setting CVar [[r.SkyAtmosphere.FastSkyLUT:1]]
[2020.08.31-00.55.27:320][  0]LogConfig: Setting CVar [[r.SkyAtmosphere.FastSkyLUT.SampleCountMin:4.0]]
[2020.08.31-00.55.27:320][  0]LogConfig: Setting CVar [[r.SkyAtmosphere.FastSkyLUT.SampleCountMax:32.0]]
[2020.08.31-00.55.27:320][  0]LogConfig: Setting CVar [[r.SkyAtmosphere.SampleCountMin:4.0]]
[2020.08.31-00.55.27:320][  0]LogConfig: Setting CVar [[r.SkyAtmosphere.SampleCountMax:32.0]]
[2020.08.31-00.55.27:320][  0]LogConfig: Setting CVar [[r.SkyAtmosphere.TransmittanceLUT.UseSmallFormat:0]]
[2020.08.31-00.55.27:320][  0]LogConfig: Setting CVar [[r.SkyAtmosphere.TransmittanceLUT.SampleCount:10.0]]
[2020.08.31-00.55.27:320][  0]LogConfig: Setting CVar [[r.SkyAtmosphere.MultiScatteringLUT.SampleCount:15.0]]
[2020.08.31-00.55.27:320][  0]LogConfig: Applying CVar settings from Section [FoliageQuality@3] File [C:/Users/IM/Desktop/0830/Unreal_HW1_Animation/HW1_Animation/Saved/Config/Windows/Scalability.ini]
[2020.08.31-00.55.27:320][  0]LogConfig: Setting CVar [[foliage.DensityScale:1.0]]
[2020.08.31-00.55.27:320][  0]LogConfig: Setting CVar [[grass.DensityScale:1.0]]
[2020.08.31-00.55.27:320][  0]LogConfig: Applying CVar settings from Section [ShadingQuality@3] File [C:/Users/IM/Desktop/0830/Unreal_HW1_Animation/HW1_Animation/Saved/Config/Windows/Scalability.ini]
[2020.08.31-00.55.27:320][  0]LogConfig: Setting CVar [[r.HairStrands.SkyLighting.SampleCount:16]]
[2020.08.31-00.55.27:320][  0]LogConfig: Setting CVar [[r.HairStrands.SkyLighting.JitterIntegration:0]]
[2020.08.31-00.55.27:320][  0]LogConfig: Setting CVar [[r.HairStrands.SkyAO.SampleCount:16]]
[2020.08.31-00.55.27:320][  0]LogConfig: Applying CVar settings from Section [Startup] File [../../../Engine/Config/ConsoleVariables.ini]
[2020.08.31-00.55.27:320][  0]LogConfig: Setting CVar [[net.UseAdaptiveNetUpdateFrequency:0]]
[2020.08.31-00.55.27:320][  0]LogConfig: Setting CVar [[p.chaos.AllowCreatePhysxBodies:1]]
[2020.08.31-00.55.27:320][  0]LogConfig: Applying CVar settings from Section [ConsoleVariables] File [C:/Users/IM/Desktop/0830/Unreal_HW1_Animation/HW1_Animation/Saved/Config/Windows/Engine.ini]
[2020.08.31-00.55.27:320][  0]LogInit: Computer: M514-018
[2020.08.31-00.55.27:320][  0]LogInit: User: IM
[2020.08.31-00.55.27:320][  0]LogInit: CPU Page size=4096, Cores=6
[2020.08.31-00.55.27:321][  0]LogInit: High frequency timer resolution =10.000000 MHz
[2020.08.31-00.55.27:321][  0]LogMemory: Memory total: Physical=15.9GB (16GB approx)
[2020.08.31-00.55.27:321][  0]LogMemory: Platform Memory Stats for Windows
[2020.08.31-00.55.27:321][  0]LogMemory: Process Physical Memory: 105.58 MB used, 105.58 MB peak
[2020.08.31-00.55.27:321][  0]LogMemory: Process Virtual Memory: 101.66 MB used, 101.66 MB peak
[2020.08.31-00.55.27:321][  0]LogMemory: Physical Memory: 7123.04 MB used,  9135.85 MB free, 16258.89 MB total
[2020.08.31-00.55.27:321][  0]LogMemory: Virtual Memory: 5159.34 MB used,  134212568.00 MB free, 134217728.00 MB total
[2020.08.31-00.55.27:322][  0]LogWindows: WindowsPlatformFeatures enabled
[2020.08.31-00.55.27:332][  0]LogInit: Overriding language with editor language configuration option (en-001).
[2020.08.31-00.55.27:332][  0]LogInit: Overriding locale with editor culture configuration option ().
[2020.08.31-00.55.27:332][  0]LogInit: Using OS detected locale (zh-TW).
[2020.08.31-00.55.27:333][  0]LogTextLocalizationManager: No specific localization for 'en-001' exists, so the 'en' localization will be used.
[2020.08.31-00.55.27:449][  0]LogInit: Setting process to per monitor DPI aware
[2020.08.31-00.55.27:494][  0]LogSlate: New Slate User Created.  User Index 0, Is Virtual User: 0
[2020.08.31-00.55.27:494][  0]LogSlate: Slate User Registered.  User Index 0, Is Virtual User: 0
[2020.08.31-00.55.27:609][  0]LogHMD: Failed to initialize OpenVR with code 110
[2020.08.31-00.55.27:609][  0]LogD3D11RHI: D3D11 min allowed feature level: 11_0
[2020.08.31-00.55.27:609][  0]LogD3D11RHI: D3D11 max allowed feature level: 11_0
[2020.08.31-00.55.27:609][  0]LogD3D11RHI: D3D11 adapters:
[2020.08.31-00.55.27:651][  0]LogD3D11RHI:    0. 'NVIDIA Quadro P1000' (Feature Level 11_0)
[2020.08.31-00.55.27:651][  0]LogD3D11RHI:       4019/0/8129 MB DedicatedVideo/DedicatedSystem/SharedSystem, Outputs:1, VendorId:0x10de
[2020.08.31-00.55.27:653][  0]LogD3D11RHI:    1. 'Microsoft Basic Render Driver' (Feature Level 11_0)
[2020.08.31-00.55.27:653][  0]LogD3D11RHI:       0/0/8129 MB DedicatedVideo/DedicatedSystem/SharedSystem, Outputs:0, VendorId:0x1414
[2020.08.31-00.55.27:653][  0]LogD3D11RHI: Chosen D3D11 Adapter: 0
[2020.08.31-00.55.27:658][  0]LogD3D11RHI: Creating new Direct3DDevice
[2020.08.31-00.55.27:659][  0]LogD3D11RHI:     GPU DeviceId: 0x1cb1 (for the marketing name, search the web for "GPU Device Id")
[2020.08.31-00.55.27:659][  0]LogWindows: EnumDisplayDevices:
[2020.08.31-00.55.27:659][  0]LogWindows:    0. 'NVIDIA Quadro P1000' (P:1 D:1)
[2020.08.31-00.55.27:659][  0]LogWindows:    1. 'NVIDIA Quadro P1000' (P:0 D:0)
[2020.08.31-00.55.27:659][  0]LogWindows:    2. 'NVIDIA Quadro P1000' (P:0 D:0)
[2020.08.31-00.55.27:659][  0]LogWindows:    3. 'NVIDIA Quadro P1000' (P:0 D:0)
[2020.08.31-00.55.27:659][  0]LogWindows: DebugString: FoundDriverCount:4 
[2020.08.31-00.55.27:659][  0]LogD3D11RHI:     Adapter Name: NVIDIA Quadro P1000
[2020.08.31-00.55.27:659][  0]LogD3D11RHI:   Driver Version: 430.86 (internal:26.21.14.3086, unified:430.86)
[2020.08.31-00.55.27:659][  0]LogD3D11RHI:      Driver Date: 5-22-2019
[2020.08.31-00.55.27:659][  0]LogRHI: Texture pool is 2813 MB (70% of 4019 MB)
[2020.08.31-00.55.27:692][  0]LogD3D11RHI: RHI has support for 64 bit atomics
[2020.08.31-00.55.27:692][  0]LogD3D11RHI: Async texture creation enabled
[2020.08.31-00.55.27:702][  0]LogD3D11RHI: GPU Timing Frequency: 1000.000000 (Debug: 2 1)
[2020.08.31-00.55.27:927][  0]LogTargetPlatformManager: Display: Loaded TargetPlatform 'AllDesktop'
[2020.08.31-00.55.27:951][  0]LogTargetPlatformManager: Display: Loaded TargetPlatform 'Android'
[2020.08.31-00.55.27:951][  0]LogTargetPlatformManager: Display: Loaded TargetPlatform 'Android_ASTC'
[2020.08.31-00.55.27:951][  0]LogTargetPlatformManager: Display: Loaded TargetPlatform 'Android_ATC'
[2020.08.31-00.55.27:951][  0]LogTargetPlatformManager: Display: Loaded TargetPlatform 'Android_DXT'
[2020.08.31-00.55.27:951][  0]LogTargetPlatformManager: Display: Loaded TargetPlatform 'Android_ETC1'
[2020.08.31-00.55.27:951][  0]LogTargetPlatformManager: Display: Loaded TargetPlatform 'Android_ETC1a'
[2020.08.31-00.55.27:951][  0]LogTargetPlatformManager: Display: Loaded TargetPlatform 'Android_ETC2'
[2020.08.31-00.55.27:951][  0]LogTargetPlatformManager: Display: Loaded TargetPlatform 'Android_PVRTC'
[2020.08.31-00.55.27:951][  0]LogTargetPlatformManager: Display: Loaded TargetPlatform 'AndroidClient'
[2020.08.31-00.55.27:951][  0]LogTargetPlatformManager: Display: Loaded TargetPlatform 'Android_ASTCClient'
[2020.08.31-00.55.27:951][  0]LogTargetPlatformManager: Display: Loaded TargetPlatform 'Android_ATCClient'
[2020.08.31-00.55.27:951][  0]LogTargetPlatformManager: Display: Loaded TargetPlatform 'Android_DXTClient'
[2020.08.31-00.55.27:951][  0]LogTargetPlatformManager: Display: Loaded TargetPlatform 'Android_ETC1Client'
[2020.08.31-00.55.27:951][  0]LogTargetPlatformManager: Display: Loaded TargetPlatform 'Android_ETC1aClient'
[2020.08.31-00.55.27:951][  0]LogTargetPlatformManager: Display: Loaded TargetPlatform 'Android_ETC2Client'
[2020.08.31-00.55.27:951][  0]LogTargetPlatformManager: Display: Loaded TargetPlatform 'Android_PVRTCClient'
[2020.08.31-00.55.27:951][  0]LogTargetPlatformManager: Display: Loaded TargetPlatform 'Android_Multi'
[2020.08.31-00.55.27:951][  0]LogTargetPlatformManager: Display: Loaded TargetPlatform 'Android_MultiClient'
[2020.08.31-00.55.27:965][  0]LogTargetPlatformManager: Display: Loaded TargetPlatform 'IOSClient'
[2020.08.31-00.55.27:965][  0]LogTargetPlatformManager: Display: Loaded TargetPlatform 'IOS'
[2020.08.31-00.55.27:970][  0]LogTargetPlatformManager: Display: Loaded TargetPlatform 'LinuxNoEditor'
[2020.08.31-00.55.27:976][  0]LogTargetPlatformManager: Display: Loaded TargetPlatform 'LinuxClient'
[2020.08.31-00.55.27:981][  0]LogTargetPlatformManager: Display: Loaded TargetPlatform 'LinuxServer'
[2020.08.31-00.55.27:986][  0]LogTargetPlatformManager: Display: Loaded TargetPlatform 'LinuxAArch64NoEditor'
[2020.08.31-00.55.27:991][  0]LogTargetPlatformManager: Display: Loaded TargetPlatform 'LinuxAArch64Client'
[2020.08.31-00.55.27:996][  0]LogTargetPlatformManager: Display: Loaded TargetPlatform 'LinuxAArch64Server'
[2020.08.31-00.55.28:014][  0]LogTargetPlatformManager: Display: Loaded TargetPlatform 'Lumin'
[2020.08.31-00.55.28:014][  0]LogTargetPlatformManager: Display: Loaded TargetPlatform 'LuminClient'
[2020.08.31-00.55.28:024][  0]LogTargetPlatformManager: Display: Loaded TargetPlatform 'TVOSClient'
[2020.08.31-00.55.28:024][  0]LogTargetPlatformManager: Display: Loaded TargetPlatform 'TVOS'
[2020.08.31-00.55.28:029][  0]LogTargetPlatformManager: Display: Loaded TargetPlatform 'WindowsNoEditor'
[2020.08.31-00.55.28:050][  0]LogTargetPlatformManager: Display: Loaded TargetPlatform 'Windows'
[2020.08.31-00.55.28:056][  0]LogTargetPlatformManager: Display: Loaded TargetPlatform 'WindowsClient'
[2020.08.31-00.55.28:061][  0]LogTargetPlatformManager: Display: Loaded TargetPlatform 'WindowsServer'
[2020.08.31-00.55.28:061][  0]LogTargetPlatformManager: Display: Building Assets For Windows
[2020.08.31-00.55.28:063][  0]LogAudioDebug: Display: Lib vorbis DLL was dynamically loaded.
[2020.08.31-00.55.28:078][  0]LogShaderCompilers: Guid format shader working directory is -32 characters bigger than the processId version (../../../../../../Users/IM/Desktop/0830/Unreal_HW1_Animation/HW1_Animation/Intermediate/Shaders/WorkingDirectory/11620/).
[2020.08.31-00.55.28:078][  0]LogShaderCompilers: Cleaned the shader compiler working directory 'C:/Users/IM/AppData/Local/Temp/UnrealShaderWorkingDir/D89912DC4E1CF2BBC462B2B25787C481/'.
[2020.08.31-00.55.28:078][  0]LogXGEController: Cannot use XGE Controller as Incredibuild is not installed on this machine.
[2020.08.31-00.55.28:078][  0]LogShaderCompilers: Cannot use XGE Shader Compiler as Incredibuild is not installed on this machine.
[2020.08.31-00.55.28:078][  0]LogShaderCompilers: Display: Using Local Shader Compiler.
[2020.08.31-00.55.28:630][  0]LogDerivedDataCache: Display: Max Cache Size: 512 MB
[2020.08.31-00.55.28:671][  0]LogDerivedDataCache: Loaded boot cache 0.04s 78MB C:/Users/IM/AppData/Local/UnrealEngine/4.24/DerivedDataCache/Boot.ddc.
[2020.08.31-00.55.28:671][  0]LogDerivedDataCache: Display: Loaded Boot cache: C:/Users/IM/AppData/Local/UnrealEngine/4.24/DerivedDataCache/Boot.ddc
[2020.08.31-00.55.28:672][  0]LogDerivedDataCache: FDerivedDataBackendGraph:  Pak pak cache file ../../../../../../Users/IM/Desktop/0830/Unreal_HW1_Animation/HW1_Animation/DerivedDataCache/DDC.ddp not found, will not use a pak cache.
[2020.08.31-00.55.28:672][  0]LogDerivedDataCache: Unable to find inner node Pak for hierarchical cache Hierarchy.
[2020.08.31-00.55.28:672][  0]LogDerivedDataCache: FDerivedDataBackendGraph:  CompressedPak pak cache file ../../../../../../Users/IM/Desktop/0830/Unreal_HW1_Animation/HW1_Animation/DerivedDataCache/Compressed.ddp not found, will not use a pak cache.
[2020.08.31-00.55.28:672][  0]LogDerivedDataCache: Unable to find inner node CompressedPak for hierarchical cache Hierarchy.
[2020.08.31-00.55.28:680][  0]LogDerivedDataCache: Display: Pak cache opened for reading ../../../Engine/DerivedDataCache/Compressed.ddp.
[2020.08.31-00.55.28:680][  0]LogDerivedDataCache: FDerivedDataBackendGraph:  EnterprisePak pak cache file ../../../Enterprise/DerivedDataCache/Compressed.ddp not found, will not use a pak cache.
[2020.08.31-00.55.28:680][  0]LogDerivedDataCache: Unable to find inner node EnterprisePak for hierarchical cache Hierarchy.
[2020.08.31-00.55.28:681][  0]LogDerivedDataCache: Using Local data cache path C:/Users/IM/AppData/Local/UnrealEngine/Common/DerivedDataCache: Writable
[2020.08.31-00.55.28:681][  0]LogDerivedDataCache: Shared data cache path not found in *engine.ini, will not use an Shared cache.
[2020.08.31-00.55.28:681][  0]LogDerivedDataCache: Unable to find inner node Shared for hierarchical cache Hierarchy.
[2020.08.31-00.55.28:700][  0]LogMaterial: Verifying Global Shaders for PCD3D_SM5
[2020.08.31-00.55.28:702][  0]LogSlate: Using FreeType 2.10.0
[2020.08.31-00.55.28:702][  0]LogSlate: SlateFontServices - WITH_FREETYPE: 1, WITH_HARFBUZZ: 1
[2020.08.31-00.55.28:739][  0]LogAssetRegistry: FAssetRegistry took 0.0020 seconds to start up
[2020.08.31-00.55.28:950][  0]LogInit: Selected Device Profile: [Windows]
[2020.08.31-00.55.29:065][  0]LogMeshReduction: Using QuadricMeshReduction for automatic static mesh reduction
[2020.08.31-00.55.29:065][  0]LogMeshReduction: Using SimplygonMeshReduction for automatic skeletal mesh reduction
[2020.08.31-00.55.29:065][  0]LogMeshReduction: Using ProxyLODMeshReduction for automatic mesh merging
[2020.08.31-00.55.29:065][  0]LogMeshReduction: No distributed automatic mesh merging module available
[2020.08.31-00.55.29:065][  0]LogMeshMerging: No distributed automatic mesh merging module available
[2020.08.31-00.55.29:073][  0]LogNetVersion: HW1_Animation 1.0.0, NetCL: 10570792, EngineNetVer: 13, GameNetVer: 0 (Checksum: 2213137669)
[2020.08.31-00.55.29:826][  0]LogPackageLocalizationCache: Processed 10 localized package path(s) for 1 prioritized culture(s) in 0.032625 seconds
[2020.08.31-00.55.29:831][  0]LogUObjectArray: 46750 objects as part of root set at end of initial load.
[2020.08.31-00.55.29:832][  0]LogUObjectAllocator: 8137160 out of 0 bytes used by permanent object pool.
[2020.08.31-00.55.29:832][  0]LogUObjectArray: CloseDisregardForGC: 0/0 objects in disregard for GC pool
[2020.08.31-00.55.30:120][  0]LogTcpMessaging: Initializing TcpMessaging bridge
[2020.08.31-00.55.30:121][  0]LogUdpMessaging: Initializing bridge on interface 0.0.0.0:0 to multicast group 230.0.0.1:6666.
[2020.08.31-00.55.30:155][  0]SourceControl: Source control is disabled
[2020.08.31-00.55.30:155][  0]SourceControl: Source control is disabled
[2020.08.31-00.55.30:156][  0]SourceControl: Source control is disabled
[2020.08.31-00.55.30:156][  0]SourceControl: Source control is disabled
[2020.08.31-00.55.30:157][  0]SourceControl: Source control is disabled
[2020.08.31-00.55.30:221][  0]LogAndroidPermission: UAndroidPermissionCallbackProxy::GetInstance
[2020.08.31-00.55.30:229][  0]LogAudioCaptureCore: Display: No Audio Capture implementations found. Audio input will be silent.
[2020.08.31-00.55.30:229][  0]LogAudioCaptureCore: Display: No Audio Capture implementations found. Audio input will be silent.
[2020.08.31-00.55.30:292][  0]LogOcInput: OculusInput pre-init called
[2020.08.31-00.55.30:297][  0]LogWindows: Failed to load 'OVRPlugin.dll' (GetLastError=126)
[2020.08.31-00.55.30:297][  0]LogWindows: File 'OVRPlugin.dll' does not exist
[2020.08.31-00.55.30:347][  0]LogEngine: Initializing Engine...
[2020.08.31-00.55.30:347][  0]LogHMD: Failed to initialize OpenVR with code 110
[2020.08.31-00.55.30:348][  0]LogStats: UGameplayTagsManager::InitializeManager -  0.000 s
[2020.08.31-00.55.30:597][  0]LogInit: Initializing FReadOnlyCVARCache
[2020.08.31-00.55.30:602][  0]LogAIModule: Creating AISystem for world Untitled
[2020.08.31-00.55.30:609][  0]LogAudioMixer: Display: Audio Mixer Platform Settings:
[2020.08.31-00.55.30:609][  0]LogAudioMixer: Display: 	Sample Rate:						  48000
[2020.08.31-00.55.30:609][  0]LogAudioMixer: Display: 	Callback Buffer Frame Size Requested: 1024
[2020.08.31-00.55.30:609][  0]LogAudioMixer: Display: 	Callback Buffer Frame Size To Use:	  1024
[2020.08.31-00.55.30:609][  0]LogAudioMixer: Display: 	Number of buffers to queue:			  2
[2020.08.31-00.55.30:609][  0]LogAudioMixer: Display: 	Max Channels (voices):				  32
[2020.08.31-00.55.30:609][  0]LogAudioMixer: Display: 	Number of Async Source Workers:		  0
[2020.08.31-00.55.30:609][  0]LogAudio: Display: AudioDevice MaxSources: 32
[2020.08.31-00.55.30:609][  0]LogAudio: Display: Using built-in audio occlusion.
[2020.08.31-00.55.30:609][  0]LogAudioMixer: Display: Initializing audio mixer.
[2020.08.31-00.55.30:612][  0]LogAudioMixer: Display: Using Audio Device Unknown
[2020.08.31-00.55.30:616][  0]LogInit: FAudioDevice initialized.
[2020.08.31-00.55.30:616][  0]LogNetVersion: Set ProjectVersion to 1.0.0.0. Version Checksum will be recalculated on next use.
[2020.08.31-00.55.31:183][  0]LogDerivedDataCache: Saved boot cache 0.57s 78MB C:/Users/IM/AppData/Local/UnrealEngine/4.24/DerivedDataCache/Boot.ddc.
[2020.08.31-00.55.31:187][  0]LogInit: Texture streaming: Enabled
[2020.08.31-00.55.31:193][  0]LogEngineSessionManager: EngineSessionManager initialized
[2020.08.31-00.55.31:193][  0]LogEditorSessionSummary: Verbose: Initializing EditorSessionSummaryWriter for editor session tracking
[2020.08.31-00.55.31:194][  0]LogEditorSessionSummary: EditorSessionSummaryWriter initialized
[2020.08.31-00.55.31:232][  0]LogInit: Transaction tracking system initialized
[2020.08.31-00.55.31:238][  0]BlueprintLog: New page: Editor Load
[2020.08.31-00.55.31:256][  0]LocalizationService: Localization service is disabled
[2020.08.31-00.55.31:453][  0]LogFileCache: Scanning file cache for directory 'C:/Users/IM/Desktop/0830/Unreal_HW1_Animation/HW1_Animation/Content/' took 0.00s
[2020.08.31-00.55.31:453][  0]LogCook: Display: Max memory allowance for cook 16384mb min free memory 0mb
[2020.08.31-00.55.31:453][  0]LogCook: Display: Mobile HDR setting 1
[2020.08.31-00.55.31:913][  0]SourceControl: Source control is disabled
[2020.08.31-00.55.31:913][  0]Cmd: MAP LOAD FILE="../../../../../../Users/IM/Desktop/0830/Unreal_HW1_Animation/HW1_Animation/Content/ThirdPersonBP/Maps/ThirdPersonExampleMap.umap" TEMPLATE=0 SHOWPROGRESS=1 FEATURELEVEL=3
[2020.08.31-00.55.31:913][  0]LightingResults: New page: Lighting Build
[2020.08.31-00.55.31:913][  0]LogWorld: UWorld::CleanupWorld for Untitled, bSessionEnded=true, bCleanupResources=true
[2020.08.31-00.55.31:913][  0]LogSlate: InvalidateAllWidgets triggered.  All widgets were invalidated
[2020.08.31-00.55.31:913][  0]MapCheck: New page: Map Check
[2020.08.31-00.55.31:914][  0]LightingResults: New page: Lighting Build
[2020.08.31-00.55.31:937][  0]LogUObjectHash: Compacting FUObjectHashTables data took   1.40ms
[2020.08.31-00.55.32:328][  0]LogAIModule: Creating AISystem for world ThirdPersonExampleMap
[2020.08.31-00.55.32:331][  0]LogEditorServer: Finished looking for orphan Actors (0.000 secs)
[2020.08.31-00.55.32:357][  0]LogUObjectHash: Compacting FUObjectHashTables data took   1.80ms
[2020.08.31-00.55.32:357][  0]Cmd: MAP CHECKDEP NOCLEARLOG
[2020.08.31-00.55.32:357][  0]MapCheck: Map check complete: 0 Error(s), 0 Warning(s), took 0.121ms to complete.
[2020.08.31-00.55.32:357][  0]LogFileHelpers: Loading map 'ThirdPersonExampleMap' took 0.444
[2020.08.31-00.55.32:492][  0]LogSlate: Updating window title bar state: overlay mode, drag disabled, window buttons hidden, title bar hidden
[2020.08.31-00.55.32:497][  0]LogSlate: Updating window title bar state: overlay mode, drag disabled, window buttons hidden, title bar hidden
[2020.08.31-00.55.32:502][  0]LogSlate: Updating window title bar state: overlay mode, drag disabled, window buttons hidden, title bar hidden
[2020.08.31-00.55.32:507][  0]LogSlate: Updating window title bar state: overlay mode, drag disabled, window buttons hidden, title bar hidden
[2020.08.31-00.55.32:510][  0]LogCollectionManager: Loaded 0 collections in 0.000639 seconds
[2020.08.31-00.55.32:518][  0]LogFileCache: Scanning file cache for directory 'C:/Users/IM/Desktop/0830/Unreal_HW1_Animation/HW1_Animation/Saved/Collections/' took 0.00s
[2020.08.31-00.55.32:518][  0]LogFileCache: Scanning file cache for directory 'C:/Users/IM/Desktop/0830/Unreal_HW1_Animation/HW1_Animation/Content/Developers/IM/Collections/' took 0.00s
[2020.08.31-00.55.32:519][  0]LogFileCache: Scanning file cache for directory 'C:/Users/IM/Desktop/0830/Unreal_HW1_Animation/HW1_Animation/Content/Collections/' took 0.00s
[2020.08.31-00.55.32:519][  0]LogContentBrowser: Native class hierarchy populated in 0.0062 seconds. Added 3015 classes and 717 folders.
[2020.08.31-00.55.32:520][  0]LogContentBrowser: Native class hierarchy updated for 'WidgetCarousel' in 0.0002 seconds. Added 0 classes and 0 folders.
[2020.08.31-00.55.32:551][  0]LogContentBrowser: Native class hierarchy updated for 'AddContentDialog' in 0.0002 seconds. Added 0 classes and 0 folders.
[2020.08.31-00.55.32:553][  0]LogContentBrowser: Native class hierarchy updated for 'SceneOutliner' in 0.0002 seconds. Added 2 classes and 3 folders.
[2020.08.31-00.55.32:646][  0]LogSlate: Took 0.000102 seconds to synchronously load lazily loaded font '../../../Engine/Content/Slate/Fonts/Roboto-Regular.ttf' (155K)
[2020.08.31-00.55.32:647][  0]LogSlate: Took 0.000097 seconds to synchronously load lazily loaded font '../../../Engine/Content/Slate/Fonts/Roboto-Bold.ttf' (160K)
[2020.08.31-00.55.32:650][  0]LogSlate: Took 0.000081 seconds to synchronously load lazily loaded font '../../../Engine/Content/Editor/Slate/Fonts/FontAwesome.ttf' (139K)
[2020.08.31-00.55.32:702][  0]LogRenderer: Reallocating scene render targets to support 1208x572 Format 10 NumSamples 1 (Frame:1).
[2020.08.31-00.55.32:804][  0]LogContentBrowser: Native class hierarchy updated for 'HierarchicalLODOutliner' in 0.0002 seconds. Added 0 classes and 0 folders.
[2020.08.31-00.55.32:804][  0]LogLoad: (Engine Initialization) Total time: 6.26 seconds
[2020.08.31-00.55.32:804][  0]LogLoad: (Engine Initialization) Total Blueprint compile time: 0.00 seconds
[2020.08.31-00.55.32:864][  0]LogContentStreaming: Texture pool size now 1000 MB
[2020.08.31-00.55.32:901][  0]LogSlate: Took 0.000082 seconds to synchronously load lazily loaded font '../../../Engine/Content/Slate/Fonts/Roboto-Light.ttf' (167K)
[2020.08.31-00.55.32:902][  0]LogSlate: Took 0.001074 seconds to synchronously load lazily loaded font '../../../Engine/Content/Slate/Fonts/DroidSansFallback.ttf' (3848K)
[2020.08.31-00.55.32:941][  1]LogAssetRegistry: Asset discovery search completed in 4.2022 seconds
[2020.08.31-00.55.32:943][  1]LogCollectionManager: Fixed up redirectors for 0 collections in 0.000006 seconds (updated 0 objects)
[2020.08.31-00.57.52:289][932]LogSlate: Took 0.000108 seconds to synchronously load lazily loaded font '../../../Engine/Content/Slate/Fonts/Roboto-Light.ttf' (167K)
[2020.08.31-00.57.52:311][932]LogFactory: FactoryCreateFile: StaticMesh with FbxFactory (0 0 C:\Users\IM\Desktop\0830\Unreal_HW1_Animation\Ninja Idle.fbx)
[2020.08.31-00.57.52:321][932]LogFbx: Loading FBX Scene from C:\Users\IM\Desktop\0830\Unreal_HW1_Animation\Ninja Idle.fbx
[2020.08.31-00.57.52:343][932]LogFbx: FBX Scene Loaded Succesfully
[2020.08.31-00.58.19:268][932]LogSlate: Window 'FBX Import Options' being destroyed
[2020.08.31-00.58.19:301][932]LogFbx: SortedLinks :(0) Hips
[2020.08.31-00.58.19:301][932]LogFbx: SortedLinks :(1) Spine
[2020.08.31-00.58.19:301][932]LogFbx: SortedLinks :(2) Spine1
[2020.08.31-00.58.19:301][932]LogFbx: SortedLinks :(3) Spine2
[2020.08.31-00.58.19:301][932]LogFbx: SortedLinks :(4) Neck
[2020.08.31-00.58.19:301][932]LogFbx: SortedLinks :(5) Head
[2020.08.31-00.58.19:301][932]LogFbx: SortedLinks :(6) HeadTop_End
[2020.08.31-00.58.19:301][932]LogFbx: SortedLinks :(7) LeftShoulder
[2020.08.31-00.58.19:301][932]LogFbx: SortedLinks :(8) LeftArm
[2020.08.31-00.58.19:301][932]LogFbx: SortedLinks :(9) LeftForeArm
[2020.08.31-00.58.19:301][932]LogFbx: SortedLinks :(10) LeftHand
[2020.08.31-00.58.19:301][932]LogFbx: SortedLinks :(11) LeftHandThumb1
[2020.08.31-00.58.19:301][932]LogFbx: SortedLinks :(12) LeftHandThumb2
[2020.08.31-00.58.19:301][932]LogFbx: SortedLinks :(13) LeftHandThumb3
[2020.08.31-00.58.19:301][932]LogFbx: SortedLinks :(14) LeftHandThumb4
[2020.08.31-00.58.19:301][932]LogFbx: SortedLinks :(15) LeftHandIndex1
[2020.08.31-00.58.19:301][932]LogFbx: SortedLinks :(16) LeftHandIndex2
[2020.08.31-00.58.19:301][932]LogFbx: SortedLinks :(17) LeftHandIndex3
[2020.08.31-00.58.19:301][932]LogFbx: SortedLinks :(18) LeftHandIndex4
[2020.08.31-00.58.19:301][932]LogFbx: SortedLinks :(19) LeftHandMiddle1
[2020.08.31-00.58.19:301][932]LogFbx: SortedLinks :(20) LeftHandMiddle2
[2020.08.31-00.58.19:301][932]LogFbx: SortedLinks :(21) LeftHandMiddle3
[2020.08.31-00.58.19:301][932]LogFbx: SortedLinks :(22) LeftHandMiddle4
[2020.08.31-00.58.19:301][932]LogFbx: SortedLinks :(23) LeftHandRing1
[2020.08.31-00.58.19:301][932]LogFbx: SortedLinks :(24) LeftHandRing2
[2020.08.31-00.58.19:301][932]LogFbx: SortedLinks :(25) LeftHandRing3
[2020.08.31-00.58.19:301][932]LogFbx: SortedLinks :(26) LeftHandRing4
[2020.08.31-00.58.19:301][932]LogFbx: SortedLinks :(27) LeftHandPinky1
[2020.08.31-00.58.19:301][932]LogFbx: SortedLinks :(28) LeftHandPinky2
[2020.08.31-00.58.19:301][932]LogFbx: SortedLinks :(29) LeftHandPinky3
[2020.08.31-00.58.19:301][932]LogFbx: SortedLinks :(30) LeftHandPinky4
[2020.08.31-00.58.19:301][932]LogFbx: SortedLinks :(31) RightShoulder
[2020.08.31-00.58.19:301][932]LogFbx: SortedLinks :(32) RightArm
[2020.08.31-00.58.19:301][932]LogFbx: SortedLinks :(33) RightForeArm
[2020.08.31-00.58.19:301][932]LogFbx: SortedLinks :(34) RightHand
[2020.08.31-00.58.19:301][932]LogFbx: SortedLinks :(35) RightHandPinky1
[2020.08.31-00.58.19:301][932]LogFbx: SortedLinks :(36) RightHandPinky2
[2020.08.31-00.58.19:301][932]LogFbx: SortedLinks :(37) RightHandPinky3
[2020.08.31-00.58.19:301][932]LogFbx: SortedLinks :(38) RightHandPinky4
[2020.08.31-00.58.19:301][932]LogFbx: SortedLinks :(39) RightHandRing1
[2020.08.31-00.58.19:301][932]LogFbx: SortedLinks :(40) RightHandRing2
[2020.08.31-00.58.19:301][932]LogFbx: SortedLinks :(41) RightHandRing3
[2020.08.31-00.58.19:301][932]LogFbx: SortedLinks :(42) RightHandRing4
[2020.08.31-00.58.19:301][932]LogFbx: SortedLinks :(43) RightHandMiddle1
[2020.08.31-00.58.19:301][932]LogFbx: SortedLinks :(44) RightHandMiddle2
[2020.08.31-00.58.19:301][932]LogFbx: SortedLinks :(45) RightHandMiddle3
[2020.08.31-00.58.19:301][932]LogFbx: SortedLinks :(46) RightHandMiddle4
[2020.08.31-00.58.19:301][932]LogFbx: SortedLinks :(47) RightHandIndex1
[2020.08.31-00.58.19:301][932]LogFbx: SortedLinks :(48) RightHandIndex2
[2020.08.31-00.58.19:301][932]LogFbx: SortedLinks :(49) RightHandIndex3
[2020.08.31-00.58.19:301][932]LogFbx: SortedLinks :(50) RightHandIndex4
[2020.08.31-00.58.19:301][932]LogFbx: SortedLinks :(51) RightHandThumb1
[2020.08.31-00.58.19:301][932]LogFbx: SortedLinks :(52) RightHandThumb2
[2020.08.31-00.58.19:301][932]LogFbx: SortedLinks :(53) RightHandThumb3
[2020.08.31-00.58.19:301][932]LogFbx: SortedLinks :(54) RightHandThumb4
[2020.08.31-00.58.19:301][932]LogFbx: SortedLinks :(55) LeftUpLeg
[2020.08.31-00.58.19:301][932]LogFbx: SortedLinks :(56) LeftLeg
[2020.08.31-00.58.19:301][932]LogFbx: SortedLinks :(57) LeftFoot
[2020.08.31-00.58.19:301][932]LogFbx: SortedLinks :(58) LeftToeBase
[2020.08.31-00.58.19:301][932]LogFbx: SortedLinks :(59) LeftToe_End
[2020.08.31-00.58.19:301][932]LogFbx: SortedLinks :(60) RightUpLeg
[2020.08.31-00.58.19:301][932]LogFbx: SortedLinks :(61) RightLeg
[2020.08.31-00.58.19:301][932]LogFbx: SortedLinks :(62) RightFoot
[2020.08.31-00.58.19:301][932]LogFbx: SortedLinks :(63) RightToeBase
[2020.08.31-00.58.19:301][932]LogFbx: SortedLinks :(64) RightToe_End
[2020.08.31-00.58.19:302][932]LogFbx: Parsing AnimStack mixamo.com
[2020.08.31-00.58.19:315][932]LogLinker: Failed to load '/Game/BP/animation/Ninja_Idle': Can't find file.
[2020.08.31-00.58.19:315][932]LogLinker: Failed to load '/Game/BP/animation/Ninja_Idle': Can't find file.
[2020.08.31-00.58.19:793][932]LogAnimationCompression: Building Anim DDC data for AnimSequence /Game/BP/animation/Ninja_Idle.Ninja_Idle
[2020.08.31-00.58.19:793][932]LogAnimationCompression: Recompressing (AnimSequence /Game/BP/animation/Ninja_Idle.Ninja_Idle) using current/default (AnimCompress_BitwiseCompressOnly_0) bFirstRecompressUsingCurrentOrDefault(1) bTryAlternateCompressor(0) IsCompressedDataValid(0)
[2020.08.31-00.58.19:802][932]LogFactory: FactoryCreateFile: AnimSequence with FbxFactory (0 0 C:\Users\IM\Desktop\0830\Unreal_HW1_Animation\Dwarf Walk.fbx)
[2020.08.31-00.58.19:811][932]LogFbx: Loading FBX Scene from C:\Users\IM\Desktop\0830\Unreal_HW1_Animation\Dwarf Walk.fbx
[2020.08.31-00.58.19:828][932]LogFbx: FBX Scene Loaded Succesfully
[2020.08.31-00.58.19:831][932]LogFbx: SortedLinks :(0) Hips
[2020.08.31-00.58.19:831][932]LogFbx: SortedLinks :(1) Spine
[2020.08.31-00.58.19:831][932]LogFbx: SortedLinks :(2) Spine1
[2020.08.31-00.58.19:831][932]LogFbx: SortedLinks :(3) Spine2
[2020.08.31-00.58.19:831][932]LogFbx: SortedLinks :(4) Neck
[2020.08.31-00.58.19:831][932]LogFbx: SortedLinks :(5) Head
[2020.08.31-00.58.19:831][932]LogFbx: SortedLinks :(6) HeadTop_End
[2020.08.31-00.58.19:831][932]LogFbx: SortedLinks :(7) LeftShoulder
[2020.08.31-00.58.19:831][932]LogFbx: SortedLinks :(8) LeftArm
[2020.08.31-00.58.19:831][932]LogFbx: SortedLinks :(9) LeftForeArm
[2020.08.31-00.58.19:831][932]LogFbx: SortedLinks :(10) LeftHand
[2020.08.31-00.58.19:831][932]LogFbx: SortedLinks :(11) LeftHandThumb1
[2020.08.31-00.58.19:831][932]LogFbx: SortedLinks :(12) LeftHandThumb2
[2020.08.31-00.58.19:831][932]LogFbx: SortedLinks :(13) LeftHandThumb3
[2020.08.31-00.58.19:831][932]LogFbx: SortedLinks :(14) LeftHandThumb4
[2020.08.31-00.58.19:831][932]LogFbx: SortedLinks :(15) LeftHandIndex1
[2020.08.31-00.58.19:831][932]LogFbx: SortedLinks :(16) LeftHandIndex2
[2020.08.31-00.58.19:831][932]LogFbx: SortedLinks :(17) LeftHandIndex3
[2020.08.31-00.58.19:831][932]LogFbx: SortedLinks :(18) LeftHandIndex4
[2020.08.31-00.58.19:831][932]LogFbx: SortedLinks :(19) LeftHandMiddle1
[2020.08.31-00.58.19:831][932]LogFbx: SortedLinks :(20) LeftHandMiddle2
[2020.08.31-00.58.19:831][932]LogFbx: SortedLinks :(21) LeftHandMiddle3
[2020.08.31-00.58.19:831][932]LogFbx: SortedLinks :(22) LeftHandMiddle4
[2020.08.31-00.58.19:831][932]LogFbx: SortedLinks :(23) LeftHandRing1
[2020.08.31-00.58.19:831][932]LogFbx: SortedLinks :(24) LeftHandRing2
[2020.08.31-00.58.19:831][932]LogFbx: SortedLinks :(25) LeftHandRing3
[2020.08.31-00.58.19:831][932]LogFbx: SortedLinks :(26) LeftHandRing4
[2020.08.31-00.58.19:831][932]LogFbx: SortedLinks :(27) LeftHandPinky1
[2020.08.31-00.58.19:831][932]LogFbx: SortedLinks :(28) LeftHandPinky2
[2020.08.31-00.58.19:831][932]LogFbx: SortedLinks :(29) LeftHandPinky3
[2020.08.31-00.58.19:831][932]LogFbx: SortedLinks :(30) LeftHandPinky4
[2020.08.31-00.58.19:831][932]LogFbx: SortedLinks :(31) RightShoulder
[2020.08.31-00.58.19:831][932]LogFbx: SortedLinks :(32) RightArm
[2020.08.31-00.58.19:831][932]LogFbx: SortedLinks :(33) RightForeArm
[2020.08.31-00.58.19:831][932]LogFbx: SortedLinks :(34) RightHand
[2020.08.31-00.58.19:831][932]LogFbx: SortedLinks :(35) RightHandPinky1
[2020.08.31-00.58.19:831][932]LogFbx: SortedLinks :(36) RightHandPinky2
[2020.08.31-00.58.19:831][932]LogFbx: SortedLinks :(37) RightHandPinky3
[2020.08.31-00.58.19:831][932]LogFbx: SortedLinks :(38) RightHandPinky4
[2020.08.31-00.58.19:831][932]LogFbx: SortedLinks :(39) RightHandRing1
[2020.08.31-00.58.19:831][932]LogFbx: SortedLinks :(40) RightHandRing2
[2020.08.31-00.58.19:831][932]LogFbx: SortedLinks :(41) RightHandRing3
[2020.08.31-00.58.19:831][932]LogFbx: SortedLinks :(42) RightHandRing4
[2020.08.31-00.58.19:831][932]LogFbx: SortedLinks :(43) RightHandMiddle1
[2020.08.31-00.58.19:831][932]LogFbx: SortedLinks :(44) RightHandMiddle2
[2020.08.31-00.58.19:831][932]LogFbx: SortedLinks :(45) RightHandMiddle3
[2020.08.31-00.58.19:831][932]LogFbx: SortedLinks :(46) RightHandMiddle4
[2020.08.31-00.58.19:831][932]LogFbx: SortedLinks :(47) RightHandIndex1
[2020.08.31-00.58.19:831][932]LogFbx: SortedLinks :(48) RightHandIndex2
[2020.08.31-00.58.19:831][932]LogFbx: SortedLinks :(49) RightHandIndex3
[2020.08.31-00.58.19:831][932]LogFbx: SortedLinks :(50) RightHandIndex4
[2020.08.31-00.58.19:832][932]LogFbx: SortedLinks :(51) RightHandThumb1
[2020.08.31-00.58.19:832][932]LogFbx: SortedLinks :(52) RightHandThumb2
[2020.08.31-00.58.19:832][932]LogFbx: SortedLinks :(53) RightHandThumb3
[2020.08.31-00.58.19:832][932]LogFbx: SortedLinks :(54) RightHandThumb4
[2020.08.31-00.58.19:832][932]LogFbx: SortedLinks :(55) LeftUpLeg
[2020.08.31-00.58.19:832][932]LogFbx: SortedLinks :(56) LeftLeg
[2020.08.31-00.58.19:832][932]LogFbx: SortedLinks :(57) LeftFoot
[2020.08.31-00.58.19:832][932]LogFbx: SortedLinks :(58) LeftToeBase
[2020.08.31-00.58.19:832][932]LogFbx: SortedLinks :(59) LeftToe_End
[2020.08.31-00.58.19:832][932]LogFbx: SortedLinks :(60) RightUpLeg
[2020.08.31-00.58.19:832][932]LogFbx: SortedLinks :(61) RightLeg
[2020.08.31-00.58.19:832][932]LogFbx: SortedLinks :(62) RightFoot
[2020.08.31-00.58.19:832][932]LogFbx: SortedLinks :(63) RightToeBase
[2020.08.31-00.58.19:832][932]LogFbx: SortedLinks :(64) RightToe_End
[2020.08.31-00.58.19:832][932]LogFbx: Parsing AnimStack mixamo.com
[2020.08.31-00.58.19:832][932]LogLinker: Failed to load '/Game/BP/animation/Dwarf_Walk': Can't find file.
[2020.08.31-00.58.19:832][932]LogLinker: Failed to load '/Game/BP/animation/Dwarf_Walk': Can't find file.
[2020.08.31-00.58.19:989][932]LogAnimationCompression: Building Anim DDC data for AnimSequence /Game/BP/animation/Dwarf_Walk.Dwarf_Walk
[2020.08.31-00.58.19:989][932]LogAnimationCompression: Recompressing (AnimSequence /Game/BP/animation/Dwarf_Walk.Dwarf_Walk) using current/default (AnimCompress_BitwiseCompressOnly_0) bFirstRecompressUsingCurrentOrDefault(1) bTryAlternateCompressor(0) IsCompressedDataValid(0)
[2020.08.31-00.58.19:995][932]LogFactory: FactoryCreateFile: AnimSequence with FbxFactory (0 0 C:\Users\IM\Desktop\0830\Unreal_HW1_Animation\Flying.fbx)
[2020.08.31-00.58.20:005][932]LogFbx: Loading FBX Scene from C:\Users\IM\Desktop\0830\Unreal_HW1_Animation\Flying.fbx
[2020.08.31-00.58.20:022][932]LogFbx: FBX Scene Loaded Succesfully
[2020.08.31-00.58.20:025][932]LogFbx: SortedLinks :(0) Hips
[2020.08.31-00.58.20:025][932]LogFbx: SortedLinks :(1) Spine
[2020.08.31-00.58.20:025][932]LogFbx: SortedLinks :(2) Spine1
[2020.08.31-00.58.20:025][932]LogFbx: SortedLinks :(3) Spine2
[2020.08.31-00.58.20:025][932]LogFbx: SortedLinks :(4) Neck
[2020.08.31-00.58.20:025][932]LogFbx: SortedLinks :(5) Head
[2020.08.31-00.58.20:025][932]LogFbx: SortedLinks :(6) HeadTop_End
[2020.08.31-00.58.20:025][932]LogFbx: SortedLinks :(7) LeftShoulder
[2020.08.31-00.58.20:025][932]LogFbx: SortedLinks :(8) LeftArm
[2020.08.31-00.58.20:025][932]LogFbx: SortedLinks :(9) LeftForeArm
[2020.08.31-00.58.20:025][932]LogFbx: SortedLinks :(10) LeftHand
[2020.08.31-00.58.20:025][932]LogFbx: SortedLinks :(11) LeftHandThumb1
[2020.08.31-00.58.20:025][932]LogFbx: SortedLinks :(12) LeftHandThumb2
[2020.08.31-00.58.20:025][932]LogFbx: SortedLinks :(13) LeftHandThumb3
[2020.08.31-00.58.20:025][932]LogFbx: SortedLinks :(14) LeftHandThumb4
[2020.08.31-00.58.20:025][932]LogFbx: SortedLinks :(15) LeftHandIndex1
[2020.08.31-00.58.20:025][932]LogFbx: SortedLinks :(16) LeftHandIndex2
[2020.08.31-00.58.20:025][932]LogFbx: SortedLinks :(17) LeftHandIndex3
[2020.08.31-00.58.20:025][932]LogFbx: SortedLinks :(18) LeftHandIndex4
[2020.08.31-00.58.20:025][932]LogFbx: SortedLinks :(19) LeftHandMiddle1
[2020.08.31-00.58.20:025][932]LogFbx: SortedLinks :(20) LeftHandMiddle2
[2020.08.31-00.58.20:025][932]LogFbx: SortedLinks :(21) LeftHandMiddle3
[2020.08.31-00.58.20:025][932]LogFbx: SortedLinks :(22) LeftHandMiddle4
[2020.08.31-00.58.20:025][932]LogFbx: SortedLinks :(23) LeftHandRing1
[2020.08.31-00.58.20:025][932]LogFbx: SortedLinks :(24) LeftHandRing2
[2020.08.31-00.58.20:025][932]LogFbx: SortedLinks :(25) LeftHandRing3
[2020.08.31-00.58.20:025][932]LogFbx: SortedLinks :(26) LeftHandRing4
[2020.08.31-00.58.20:025][932]LogFbx: SortedLinks :(27) LeftHandPinky1
[2020.08.31-00.58.20:025][932]LogFbx: SortedLinks :(28) LeftHandPinky2
[2020.08.31-00.58.20:025][932]LogFbx: SortedLinks :(29) LeftHandPinky3
[2020.08.31-00.58.20:025][932]LogFbx: SortedLinks :(30) LeftHandPinky4
[2020.08.31-00.58.20:025][932]LogFbx: SortedLinks :(31) RightShoulder
[2020.08.31-00.58.20:025][932]LogFbx: SortedLinks :(32) RightArm
[2020.08.31-00.58.20:025][932]LogFbx: SortedLinks :(33) RightForeArm
[2020.08.31-00.58.20:025][932]LogFbx: SortedLinks :(34) RightHand
[2020.08.31-00.58.20:025][932]LogFbx: SortedLinks :(35) RightHandPinky1
[2020.08.31-00.58.20:025][932]LogFbx: SortedLinks :(36) RightHandPinky2
[2020.08.31-00.58.20:025][932]LogFbx: SortedLinks :(37) RightHandPinky3
[2020.08.31-00.58.20:025][932]LogFbx: SortedLinks :(38) RightHandPinky4
[2020.08.31-00.58.20:025][932]LogFbx: SortedLinks :(39) RightHandRing1
[2020.08.31-00.58.20:025][932]LogFbx: SortedLinks :(40) RightHandRing2
[2020.08.31-00.58.20:025][932]LogFbx: SortedLinks :(41) RightHandRing3
[2020.08.31-00.58.20:025][932]LogFbx: SortedLinks :(42) RightHandRing4
[2020.08.31-00.58.20:025][932]LogFbx: SortedLinks :(43) RightHandMiddle1
[2020.08.31-00.58.20:025][932]LogFbx: SortedLinks :(44) RightHandMiddle2
[2020.08.31-00.58.20:026][932]LogFbx: SortedLinks :(45) RightHandMiddle3
[2020.08.31-00.58.20:026][932]LogFbx: SortedLinks :(46) RightHandMiddle4
[2020.08.31-00.58.20:026][932]LogFbx: SortedLinks :(47) RightHandIndex1
[2020.08.31-00.58.20:026][932]LogFbx: SortedLinks :(48) RightHandIndex2
[2020.08.31-00.58.20:026][932]LogFbx: SortedLinks :(49) RightHandIndex3
[2020.08.31-00.58.20:026][932]LogFbx: SortedLinks :(50) RightHandIndex4
[2020.08.31-00.58.20:026][932]LogFbx: SortedLinks :(51) RightHandThumb1
[2020.08.31-00.58.20:026][932]LogFbx: SortedLinks :(52) RightHandThumb2
[2020.08.31-00.58.20:026][932]LogFbx: SortedLinks :(53) RightHandThumb3
[2020.08.31-00.58.20:026][932]LogFbx: SortedLinks :(54) RightHandThumb4
[2020.08.31-00.58.20:026][932]LogFbx: SortedLinks :(55) LeftUpLeg
[2020.08.31-00.58.20:026][932]LogFbx: SortedLinks :(56) LeftLeg
[2020.08.31-00.58.20:026][932]LogFbx: SortedLinks :(57) LeftFoot
[2020.08.31-00.58.20:026][932]LogFbx: SortedLinks :(58) LeftToeBase
[2020.08.31-00.58.20:026][932]LogFbx: SortedLinks :(59) LeftToe_End
[2020.08.31-00.58.20:026][932]LogFbx: SortedLinks :(60) RightUpLeg
[2020.08.31-00.58.20:026][932]LogFbx: SortedLinks :(61) RightLeg
[2020.08.31-00.58.20:026][932]LogFbx: SortedLinks :(62) RightFoot
[2020.08.31-00.58.20:026][932]LogFbx: SortedLinks :(63) RightToeBase
[2020.08.31-00.58.20:026][932]LogFbx: SortedLinks :(64) RightToe_End
[2020.08.31-00.58.20:026][932]LogFbx: Parsing AnimStack mixamo.com
[2020.08.31-00.58.20:026][932]LogLinker: Failed to load '/Game/BP/animation/Flying': Can't find file.
[2020.08.31-00.58.20:026][932]LogLinker: Failed to load '/Game/BP/animation/Flying': Can't find file.
[2020.08.31-00.58.20:311][932]LogAnimationCompression: Building Anim DDC data for AnimSequence /Game/BP/animation/Flying.Flying
[2020.08.31-00.58.20:311][932]LogAnimationCompression: Recompressing (AnimSequence /Game/BP/animation/Flying.Flying) using current/default (AnimCompress_BitwiseCompressOnly_0) bFirstRecompressUsingCurrentOrDefault(1) bTryAlternateCompressor(0) IsCompressedDataValid(0)
[2020.08.31-00.58.20:355][932]LogFactory: FactoryCreateFile: AnimSequence with FbxFactory (0 0 C:\Users\IM\Desktop\0830\Unreal_HW1_Animation\nightshade_j_friedrich.fbx)
[2020.08.31-00.58.20:399][932]LogFbx: Loading FBX Scene from C:\Users\IM\Desktop\0830\Unreal_HW1_Animation\nightshade_j_friedrich.fbx
[2020.08.31-00.58.20:470][932]LogFbx: FBX Scene Loaded Succesfully
[2020.08.31-00.58.20:475][932]LogFbx: SortedLinks :(0) Hips
[2020.08.31-00.58.20:475][932]LogFbx: SortedLinks :(1) Spine
[2020.08.31-00.58.20:475][932]LogFbx: SortedLinks :(2) Spine1
[2020.08.31-00.58.20:475][932]LogFbx: SortedLinks :(3) Spine2
[2020.08.31-00.58.20:475][932]LogFbx: SortedLinks :(4) Neck
[2020.08.31-00.58.20:475][932]LogFbx: SortedLinks :(5) Head
[2020.08.31-00.58.20:475][932]LogFbx: SortedLinks :(6) HeadTop_End
[2020.08.31-00.58.20:475][932]LogFbx: SortedLinks :(7) LeftShoulder
[2020.08.31-00.58.20:475][932]LogFbx: SortedLinks :(8) LeftArm
[2020.08.31-00.58.20:475][932]LogFbx: SortedLinks :(9) LeftForeArm
[2020.08.31-00.58.20:475][932]LogFbx: SortedLinks :(10) LeftHand
[2020.08.31-00.58.20:475][932]LogFbx: SortedLinks :(11) LeftHandThumb1
[2020.08.31-00.58.20:475][932]LogFbx: SortedLinks :(12) LeftHandThumb2
[2020.08.31-00.58.20:475][932]LogFbx: SortedLinks :(13) LeftHandThumb3
[2020.08.31-00.58.20:475][932]LogFbx: SortedLinks :(14) LeftHandThumb4
[2020.08.31-00.58.20:475][932]LogFbx: SortedLinks :(15) LeftHandIndex1
[2020.08.31-00.58.20:475][932]LogFbx: SortedLinks :(16) LeftHandIndex2
[2020.08.31-00.58.20:475][932]LogFbx: SortedLinks :(17) LeftHandIndex3
[2020.08.31-00.58.20:476][932]LogFbx: SortedLinks :(18) LeftHandIndex4
[2020.08.31-00.58.20:476][932]LogFbx: SortedLinks :(19) LeftHandMiddle1
[2020.08.31-00.58.20:476][932]LogFbx: SortedLinks :(20) LeftHandMiddle2
[2020.08.31-00.58.20:476][932]LogFbx: SortedLinks :(21) LeftHandMiddle3
[2020.08.31-00.58.20:476][932]LogFbx: SortedLinks :(22) LeftHandMiddle4
[2020.08.31-00.58.20:476][932]LogFbx: SortedLinks :(23) LeftHandRing1
[2020.08.31-00.58.20:476][932]LogFbx: SortedLinks :(24) LeftHandRing2
[2020.08.31-00.58.20:476][932]LogFbx: SortedLinks :(25) LeftHandRing3
[2020.08.31-00.58.20:476][932]LogFbx: SortedLinks :(26) LeftHandRing4
[2020.08.31-00.58.20:476][932]LogFbx: SortedLinks :(27) LeftHandPinky1
[2020.08.31-00.58.20:476][932]LogFbx: SortedLinks :(28) LeftHandPinky2
[2020.08.31-00.58.20:476][932]LogFbx: SortedLinks :(29) LeftHandPinky3
[2020.08.31-00.58.20:476][932]LogFbx: SortedLinks :(30) LeftHandPinky4
[2020.08.31-00.58.20:476][932]LogFbx: SortedLinks :(31) RightShoulder
[2020.08.31-00.58.20:476][932]LogFbx: SortedLinks :(32) RightArm
[2020.08.31-00.58.20:476][932]LogFbx: SortedLinks :(33) RightForeArm
[2020.08.31-00.58.20:476][932]LogFbx: SortedLinks :(34) RightHand
[2020.08.31-00.58.20:476][932]LogFbx: SortedLinks :(35) RightHandPinky1
[2020.08.31-00.58.20:476][932]LogFbx: SortedLinks :(36) RightHandPinky2
[2020.08.31-00.58.20:476][932]LogFbx: SortedLinks :(37) RightHandPinky3
[2020.08.31-00.58.20:476][932]LogFbx: SortedLinks :(38) RightHandPinky4
[2020.08.31-00.58.20:476][932]LogFbx: SortedLinks :(39) RightHandRing1
[2020.08.31-00.58.20:476][932]LogFbx: SortedLinks :(40) RightHandRing2
[2020.08.31-00.58.20:476][932]LogFbx: SortedLinks :(41) RightHandRing3
[2020.08.31-00.58.20:476][932]LogFbx: SortedLinks :(42) RightHandRing4
[2020.08.31-00.58.20:476][932]LogFbx: SortedLinks :(43) RightHandMiddle1
[2020.08.31-00.58.20:476][932]LogFbx: SortedLinks :(44) RightHandMiddle2
[2020.08.31-00.58.20:476][932]LogFbx: SortedLinks :(45) RightHandMiddle3
[2020.08.31-00.58.20:476][932]LogFbx: SortedLinks :(46) RightHandMiddle4
[2020.08.31-00.58.20:476][932]LogFbx: SortedLinks :(47) RightHandIndex1
[2020.08.31-00.58.20:476][932]LogFbx: SortedLinks :(48) RightHandIndex2
[2020.08.31-00.58.20:476][932]LogFbx: SortedLinks :(49) RightHandIndex3
[2020.08.31-00.58.20:476][932]LogFbx: SortedLinks :(50) RightHandIndex4
[2020.08.31-00.58.20:476][932]LogFbx: SortedLinks :(51) RightHandThumb1
[2020.08.31-00.58.20:476][932]LogFbx: SortedLinks :(52) RightHandThumb2
[2020.08.31-00.58.20:476][932]LogFbx: SortedLinks :(53) RightHandThumb3
[2020.08.31-00.58.20:476][932]LogFbx: SortedLinks :(54) RightHandThumb4
[2020.08.31-00.58.20:476][932]LogFbx: SortedLinks :(55) LeftUpLeg
[2020.08.31-00.58.20:476][932]LogFbx: SortedLinks :(56) LeftLeg
[2020.08.31-00.58.20:476][932]LogFbx: SortedLinks :(57) LeftFoot
[2020.08.31-00.58.20:476][932]LogFbx: SortedLinks :(58) LeftToeBase
[2020.08.31-00.58.20:476][932]LogFbx: SortedLinks :(59) LeftToe_End
[2020.08.31-00.58.20:476][932]LogFbx: SortedLinks :(60) RightUpLeg
[2020.08.31-00.58.20:476][932]LogFbx: SortedLinks :(61) RightLeg
[2020.08.31-00.58.20:476][932]LogFbx: SortedLinks :(62) RightFoot
[2020.08.31-00.58.20:476][932]LogFbx: SortedLinks :(63) RightToeBase
[2020.08.31-00.58.20:476][932]LogFbx: SortedLinks :(64) RightToe_End
[2020.08.31-00.58.20:476][932]LogFbx: SortedLinks :(0) Hips
[2020.08.31-00.58.20:476][932]LogFbx: SortedLinks :(1) Spine
[2020.08.31-00.58.20:476][932]LogFbx: SortedLinks :(2) Spine1
[2020.08.31-00.58.20:476][932]LogFbx: SortedLinks :(3) Spine2
[2020.08.31-00.58.20:476][932]LogFbx: SortedLinks :(4) Neck
[2020.08.31-00.58.20:476][932]LogFbx: SortedLinks :(5) Head
[2020.08.31-00.58.20:476][932]LogFbx: SortedLinks :(6) HeadTop_End
[2020.08.31-00.58.20:476][932]LogFbx: SortedLinks :(7) LeftShoulder
[2020.08.31-00.58.20:476][932]LogFbx: SortedLinks :(8) LeftArm
[2020.08.31-00.58.20:476][932]LogFbx: SortedLinks :(9) LeftForeArm
[2020.08.31-00.58.20:476][932]LogFbx: SortedLinks :(10) LeftHand
[2020.08.31-00.58.20:476][932]LogFbx: SortedLinks :(11) LeftHandThumb1
[2020.08.31-00.58.20:476][932]LogFbx: SortedLinks :(12) LeftHandThumb2
[2020.08.31-00.58.20:476][932]LogFbx: SortedLinks :(13) LeftHandThumb3
[2020.08.31-00.58.20:476][932]LogFbx: SortedLinks :(14) LeftHandThumb4
[2020.08.31-00.58.20:476][932]LogFbx: SortedLinks :(15) LeftHandIndex1
[2020.08.31-00.58.20:476][932]LogFbx: SortedLinks :(16) LeftHandIndex2
[2020.08.31-00.58.20:476][932]LogFbx: SortedLinks :(17) LeftHandIndex3
[2020.08.31-00.58.20:476][932]LogFbx: SortedLinks :(18) LeftHandIndex4
[2020.08.31-00.58.20:476][932]LogFbx: SortedLinks :(19) LeftHandMiddle1
[2020.08.31-00.58.20:476][932]LogFbx: SortedLinks :(20) LeftHandMiddle2
[2020.08.31-00.58.20:476][932]LogFbx: SortedLinks :(21) LeftHandMiddle3
[2020.08.31-00.58.20:476][932]LogFbx: SortedLinks :(22) LeftHandMiddle4
[2020.08.31-00.58.20:476][932]LogFbx: SortedLinks :(23) LeftHandRing1
[2020.08.31-00.58.20:476][932]LogFbx: SortedLinks :(24) LeftHandRing2
[2020.08.31-00.58.20:476][932]LogFbx: SortedLinks :(25) LeftHandRing3
[2020.08.31-00.58.20:476][932]LogFbx: SortedLinks :(26) LeftHandRing4
[2020.08.31-00.58.20:476][932]LogFbx: SortedLinks :(27) LeftHandPinky1
[2020.08.31-00.58.20:476][932]LogFbx: SortedLinks :(28) LeftHandPinky2
[2020.08.31-00.58.20:476][932]LogFbx: SortedLinks :(29) LeftHandPinky3
[2020.08.31-00.58.20:476][932]LogFbx: SortedLinks :(30) LeftHandPinky4
[2020.08.31-00.58.20:476][932]LogFbx: SortedLinks :(31) RightShoulder
[2020.08.31-00.58.20:476][932]LogFbx: SortedLinks :(32) RightArm
[2020.08.31-00.58.20:476][932]LogFbx: SortedLinks :(33) RightForeArm
[2020.08.31-00.58.20:476][932]LogFbx: SortedLinks :(34) RightHand
[2020.08.31-00.58.20:476][932]LogFbx: SortedLinks :(35) RightHandPinky1
[2020.08.31-00.58.20:476][932]LogFbx: SortedLinks :(36) RightHandPinky2
[2020.08.31-00.58.20:476][932]LogFbx: SortedLinks :(37) RightHandPinky3
[2020.08.31-00.58.20:476][932]LogFbx: SortedLinks :(38) RightHandPinky4
[2020.08.31-00.58.20:476][932]LogFbx: SortedLinks :(39) RightHandRing1
[2020.08.31-00.58.20:476][932]LogFbx: SortedLinks :(40) RightHandRing2
[2020.08.31-00.58.20:476][932]LogFbx: SortedLinks :(41) RightHandRing3
[2020.08.31-00.58.20:476][932]LogFbx: SortedLinks :(42) RightHandRing4
[2020.08.31-00.58.20:477][932]LogFbx: SortedLinks :(43) RightHandMiddle1
[2020.08.31-00.58.20:477][932]LogFbx: SortedLinks :(44) RightHandMiddle2
[2020.08.31-00.58.20:477][932]LogFbx: SortedLinks :(45) RightHandMiddle3
[2020.08.31-00.58.20:477][932]LogFbx: SortedLinks :(46) RightHandMiddle4
[2020.08.31-00.58.20:477][932]LogFbx: SortedLinks :(47) RightHandIndex1
[2020.08.31-00.58.20:477][932]LogFbx: SortedLinks :(48) RightHandIndex2
[2020.08.31-00.58.20:477][932]LogFbx: SortedLinks :(49) RightHandIndex3
[2020.08.31-00.58.20:477][932]LogFbx: SortedLinks :(50) RightHandIndex4
[2020.08.31-00.58.20:477][932]LogFbx: SortedLinks :(51) RightHandThumb1
[2020.08.31-00.58.20:477][932]LogFbx: SortedLinks :(52) RightHandThumb2
[2020.08.31-00.58.20:477][932]LogFbx: SortedLinks :(53) RightHandThumb3
[2020.08.31-00.58.20:477][932]LogFbx: SortedLinks :(54) RightHandThumb4
[2020.08.31-00.58.20:477][932]LogFbx: SortedLinks :(55) LeftUpLeg
[2020.08.31-00.58.20:477][932]LogFbx: SortedLinks :(56) LeftLeg
[2020.08.31-00.58.20:477][932]LogFbx: SortedLinks :(57) LeftFoot
[2020.08.31-00.58.20:477][932]LogFbx: SortedLinks :(58) LeftToeBase
[2020.08.31-00.58.20:477][932]LogFbx: SortedLinks :(59) LeftToe_End
[2020.08.31-00.58.20:477][932]LogFbx: SortedLinks :(60) RightUpLeg
[2020.08.31-00.58.20:477][932]LogFbx: SortedLinks :(61) RightLeg
[2020.08.31-00.58.20:477][932]LogFbx: SortedLinks :(62) RightFoot
[2020.08.31-00.58.20:477][932]LogFbx: SortedLinks :(63) RightToeBase
[2020.08.31-00.58.20:477][932]LogFbx: SortedLinks :(64) RightToe_End
[2020.08.31-00.58.20:477][932]LogFbx: Parsing AnimStack Take 001
[2020.08.31-00.58.20:477][932]LogLinker: Failed to load '/Game/BP/animation/nightshade_j_friedrich_Take_001': Can't find file.
[2020.08.31-00.58.20:478][932]LogLinker: Failed to load '/Game/BP/animation/nightshade_j_friedrich_Take_001': Can't find file.
[2020.08.31-00.58.20:578][932]LogAnimationCompression: Building Anim DDC data for AnimSequence /Game/BP/animation/nightshade_j_friedrich_Take_001.nightshade_j_friedrich_Take_001
[2020.08.31-00.58.20:578][932]LogAnimationCompression: Recompressing (AnimSequence /Game/BP/animation/nightshade_j_friedrich_Take_001.nightshade_j_friedrich_Take_001) using current/default (AnimCompress_BitwiseCompressOnly_0) bFirstRecompressUsingCurrentOrDefault(1) bTryAlternateCompressor(0) IsCompressedDataValid(0)
[2020.08.31-00.58.20:580][932]LogFbx: Parsing AnimStack mixamo.com
[2020.08.31-00.58.20:580][932]LogLinker: Failed to load '/Game/BP/animation/nightshade_j_friedrich_mixamo_com': Can't find file.
[2020.08.31-00.58.20:580][932]LogLinker: Failed to load '/Game/BP/animation/nightshade_j_friedrich_mixamo_com': Can't find file.
[2020.08.31-00.58.20:630][932]LogAnimationCompression: Building Anim DDC data for AnimSequence /Game/BP/animation/nightshade_j_friedrich_mixamo_com.nightshade_j_friedrich_mixamo_com
[2020.08.31-00.58.20:630][932]LogAnimationCompression: Recompressing (AnimSequence /Game/BP/animation/nightshade_j_friedrich_mixamo_com.nightshade_j_friedrich_mixamo_com) using current/default (AnimCompress_BitwiseCompressOnly_0) bFirstRecompressUsingCurrentOrDefault(1) bTryAlternateCompressor(0) IsCompressedDataValid(0)
[2020.08.31-00.59.52:584][591]LogMetaData: Removing '/Game/BP/0830_homework/nightshade_j_friedrich.nightshade_j_friedrich' ref from Metadata '/Game/BP/nightshade_j_friedrich.PackageMetaData'
[2020.08.31-00.59.52:594][591]LogMetaData: Removing '/Game/BP/0830_homework/nightshade_j_friedrich_Skeleton.nightshade_j_friedrich_Skeleton' ref from Metadata '/Game/BP/nightshade_j_friedrich_Skeleton.PackageMetaData'
[2020.08.31-00.59.52:709][591]LogSavePackage: Moving '../../../../../../Users/IM/Desktop/0830/Unreal_HW1_Animation/HW1_Animation/Saved/Nightshade_diffuseC0A1C2964B784813DE1B468AC6730D56.tmp' to '../../../../../../Users/IM/Desktop/0830/Unreal_HW1_Animation/HW1_Animation/Content/BP/0830_homework/Nightshade_diffuse.uasset'
[2020.08.31-00.59.52:724][591]LogSavePackage: Moving '../../../../../../Users/IM/Desktop/0830/Unreal_HW1_Animation/HW1_Animation/Saved/Nightshade_glowFE6545CF4AA3D807972C128652F2DC48.tmp' to '../../../../../../Users/IM/Desktop/0830/Unreal_HW1_Animation/HW1_Animation/Content/BP/0830_homework/Nightshade_glow.uasset'
[2020.08.31-00.59.52:980][591]LogSavePackage: Moving '../../../../../../Users/IM/Desktop/0830/Unreal_HW1_Animation/HW1_Animation/Saved/nightshade_j_friedrich9600710A4287E109D07D61BDA89CBF96.tmp' to '../../../../../../Users/IM/Desktop/0830/Unreal_HW1_Animation/HW1_Animation/Content/BP/0830_homework/nightshade_j_friedrich.uasset'
[2020.08.31-00.59.53:006][591]LogSavePackage: Moving '../../../../../../Users/IM/Desktop/0830/Unreal_HW1_Animation/HW1_Animation/Saved/nightshade_j_friedrich_PhysicsAsCA8240F84FF9DA0A462BBA86369D18F6.tmp' to '../../../../../../Users/IM/Desktop/0830/Unreal_HW1_Animation/HW1_Animation/Content/BP/0830_homework/nightshade_j_friedrich_PhysicsAsset.uasset'
[2020.08.31-00.59.53:042][591]LogSavePackage: Moving '../../../../../../Users/IM/Desktop/0830/Unreal_HW1_Animation/HW1_Animation/Saved/nightshade_j_friedrich_Skeleton54C34AEE4219BC66D390348A799B4323.tmp' to '../../../../../../Users/IM/Desktop/0830/Unreal_HW1_Animation/HW1_Animation/Content/BP/0830_homework/nightshade_j_friedrich_Skeleton.uasset'
[2020.08.31-00.59.53:065][591]LogSavePackage: Moving '../../../../../../Users/IM/Desktop/0830/Unreal_HW1_Animation/HW1_Animation/Saved/Nightshade_MAT8C0148D44DA4E6E6CE5334B64FFCB54E.tmp' to '../../../../../../Users/IM/Desktop/0830/Unreal_HW1_Animation/HW1_Animation/Content/BP/0830_homework/Nightshade_MAT.uasset'
[2020.08.31-00.59.53:110][591]LogSavePackage: Moving '../../../../../../Users/IM/Desktop/0830/Unreal_HW1_Animation/HW1_Animation/Saved/Nightshade_normal5A648B7C412A7BB4455F6B9E68FEA7DE.tmp' to '../../../../../../Users/IM/Desktop/0830/Unreal_HW1_Animation/HW1_Animation/Content/BP/0830_homework/Nightshade_normal.uasset'
[2020.08.31-00.59.53:167][591]LogSavePackage: Moving '../../../../../../Users/IM/Desktop/0830/Unreal_HW1_Animation/HW1_Animation/Saved/Nightshade_specular50303662490FB7AC1DA05DAC6257A808.tmp' to '../../../../../../Users/IM/Desktop/0830/Unreal_HW1_Animation/HW1_Animation/Content/BP/0830_homework/Nightshade_specular.uasset'
[2020.08.31-00.59.53:542][591]LogUObjectHash: Compacting FUObjectHashTables data took   1.23ms
[2020.08.31-00.59.53:567][591]LogUObjectHash: Compacting FUObjectHashTables data took   0.56ms
[2020.08.31-00.59.53:590][591]LogUObjectHash: Compacting FUObjectHashTables data took   0.51ms
[2020.08.31-00.59.53:614][591]LogUObjectHash: Compacting FUObjectHashTables data took   0.63ms
[2020.08.31-00.59.53:637][591]LogUObjectHash: Compacting FUObjectHashTables data took   0.55ms
[2020.08.31-00.59.53:661][591]LogUObjectHash: Compacting FUObjectHashTables data took   0.53ms
[2020.08.31-00.59.53:685][591]LogUObjectHash: Compacting FUObjectHashTables data took   0.52ms
[2020.08.31-00.59.53:708][591]LogUObjectHash: Compacting FUObjectHashTables data took   0.52ms
[2020.08.31-00.59.53:737][591]LogUObjectHash: Compacting FUObjectHashTables data took   1.29ms
[2020.08.31-00.59.53:761][591]LogUObjectHash: Compacting FUObjectHashTables data took   0.67ms
[2020.08.31-00.59.53:803][591]Cmd: OBJ SAVEPACKAGE PACKAGE="/Game/BP/BP_怪" FILE="../../../../../../Users/IM/Desktop/0830/Unreal_HW1_Animation/HW1_Animation/Content/BP/BP_怪.uasset" SILENT=true
[2020.08.31-00.59.53:823][591]LogSavePackage: Moving '../../../../../../Users/IM/Desktop/0830/Unreal_HW1_Animation/HW1_Animation/Saved/BP_怪67C5ABF34F684827BA56CB862E26C195.tmp' to '../../../../../../Users/IM/Desktop/0830/Unreal_HW1_Animation/HW1_Animation/Content/BP/BP_怪.uasset'
[2020.08.31-00.59.53:879][591]AssetCheck: New page: Asset Save: multiple assets
[2020.08.31-00.59.53:879][591]LogContentValidation: Display: Validating Texture2D /Game/BP/0830_homework/Nightshade_diffuse.Nightshade_diffuse
[2020.08.31-00.59.53:879][591]LogContentValidation: Display: Validating Texture2D /Game/BP/0830_homework/Nightshade_glow.Nightshade_glow
[2020.08.31-00.59.53:879][591]LogContentValidation: Display: Validating SkeletalMesh /Game/BP/0830_homework/nightshade_j_friedrich.nightshade_j_friedrich
[2020.08.31-00.59.53:879][591]LogContentValidation: Display: Validating PhysicsAsset /Game/BP/0830_homework/nightshade_j_friedrich_PhysicsAsset.nightshade_j_friedrich_PhysicsAsset
[2020.08.31-00.59.53:879][591]LogContentValidation: Display: Validating Skeleton /Game/BP/0830_homework/nightshade_j_friedrich_Skeleton.nightshade_j_friedrich_Skeleton
[2020.08.31-00.59.53:879][591]LogContentValidation: Display: Validating Material /Game/BP/0830_homework/Nightshade_MAT.Nightshade_MAT
[2020.08.31-00.59.53:879][591]LogContentValidation: Display: Validating Texture2D /Game/BP/0830_homework/Nightshade_normal.Nightshade_normal
[2020.08.31-00.59.53:879][591]LogContentValidation: Display: Validating Texture2D /Game/BP/0830_homework/Nightshade_specular.Nightshade_specular
[2020.08.31-00.59.53:879][591]LogContentValidation: Display: Validating Blueprint /Game/BP/BP_怪.BP_怪
[2020.08.31-01.05.33:181][625]LogUObjectHash: Compacting FUObjectHashTables data took   1.31ms
[2020.08.31-01.05.33:182][625]LogFileHelpers: Editor autosave (incl. sublevels) for '/Game/ThirdPersonBP/Maps/ThirdPersonExampleMap' took 0.025
[2020.08.31-01.05.33:183][625]OBJ SavePackage: Generating thumbnails for [1] asset(s) in package [/Game/BP/animation/Ninja_Idle] ([1] browsable assets)...
[2020.08.31-01.05.33:197][625]OBJ SavePackage:     Rendered thumbnail for [AnimSequence /Game/BP/animation/Ninja_Idle.Ninja_Idle]
[2020.08.31-01.05.33:197][625]OBJ SavePackage: Finished generating thumbnails for package [/Game/BP/animation/Ninja_Idle]
[2020.08.31-01.05.33:211][625]LogSavePackage: Moving '../../../../../../Users/IM/Desktop/0830/Unreal_HW1_Animation/HW1_Animation/Saved/Ninja_Idle_Auto1FCDF44A2475BCA1A36C323879BEAAA9A.tmp' to '../../../../../../Users/IM/Desktop/0830/Unreal_HW1_Animation/HW1_Animation/Saved/Autosaves/Game/BP/animation/Ninja_Idle_Auto1.uasset'
[2020.08.31-01.05.33:212][625]OBJ SavePackage: Generating thumbnails for [1] asset(s) in package [/Game/BP/animation/Dwarf_Walk] ([1] browsable assets)...
[2020.08.31-01.05.33:222][625]OBJ SavePackage:     Rendered thumbnail for [AnimSequence /Game/BP/animation/Dwarf_Walk.Dwarf_Walk]
[2020.08.31-01.05.33:222][625]OBJ SavePackage: Finished generating thumbnails for package [/Game/BP/animation/Dwarf_Walk]
[2020.08.31-01.05.33:238][625]LogSavePackage: Moving '../../../../../../Users/IM/Desktop/0830/Unreal_HW1_Animation/HW1_Animation/Saved/Dwarf_Walk_Auto1D9B9A52345CA1CF89871AFA97CF05E27.tmp' to '../../../../../../Users/IM/Desktop/0830/Unreal_HW1_Animation/HW1_Animation/Saved/Autosaves/Game/BP/animation/Dwarf_Walk_Auto1.uasset'
[2020.08.31-01.05.33:238][625]OBJ SavePackage: Generating thumbnails for [1] asset(s) in package [/Game/BP/animation/Flying] ([1] browsable assets)...
[2020.08.31-01.05.33:253][625]OBJ SavePackage:     Rendered thumbnail for [AnimSequence /Game/BP/animation/Flying.Flying]
[2020.08.31-01.05.33:253][625]OBJ SavePackage: Finished generating thumbnails for package [/Game/BP/animation/Flying]
[2020.08.31-01.05.33:266][625]LogSavePackage: Moving '../../../../../../Users/IM/Desktop/0830/Unreal_HW1_Animation/HW1_Animation/Saved/Flying_Auto13308FD4F448BB11B76988B846A4814F8.tmp' to '../../../../../../Users/IM/Desktop/0830/Unreal_HW1_Animation/HW1_Animation/Saved/Autosaves/Game/BP/animation/Flying_Auto1.uasset'
[2020.08.31-01.05.33:267][625]OBJ SavePackage: Generating thumbnails for [1] asset(s) in package [/Game/BP/animation/nightshade_j_friedrich_Take_001] ([1] browsable assets)...
[2020.08.31-01.05.33:285][625]OBJ SavePackage:     Rendered thumbnail for [AnimSequence /Game/BP/animation/nightshade_j_friedrich_Take_001.nightshade_j_friedrich_Take_001]
[2020.08.31-01.05.33:285][625]OBJ SavePackage: Finished generating thumbnails for package [/Game/BP/animation/nightshade_j_friedrich_Take_001]
[2020.08.31-01.05.33:299][625]LogSavePackage: Moving '../../../../../../Users/IM/Desktop/0830/Unreal_HW1_Animation/HW1_Animation/Saved/nightshade_j_friedrich_Take_001_29E7EFAF4C6D3282F75AE182DD73A7DB.tmp' to '../../../../../../Users/IM/Desktop/0830/Unreal_HW1_Animation/HW1_Animation/Saved/Autosaves/Game/BP/animation/nightshade_j_friedrich_Take_001_Auto1.uasset'
[2020.08.31-01.05.33:300][625]OBJ SavePackage: Generating thumbnails for [1] asset(s) in package [/Game/BP/animation/nightshade_j_friedrich_mixamo_com] ([1] browsable assets)...
[2020.08.31-01.05.33:313][625]OBJ SavePackage:     Rendered thumbnail for [AnimSequence /Game/BP/animation/nightshade_j_friedrich_mixamo_com.nightshade_j_friedrich_mixamo_com]
[2020.08.31-01.05.33:313][625]OBJ SavePackage: Finished generating thumbnails for package [/Game/BP/animation/nightshade_j_friedrich_mixamo_com]
[2020.08.31-01.05.33:328][625]LogSavePackage: Moving '../../../../../../Users/IM/Desktop/0830/Unreal_HW1_Animation/HW1_Animation/Saved/nightshade_j_friedrich_mixamo_co5119B4A34D23542A7F3C6FA7F3EA8025.tmp' to '../../../../../../Users/IM/Desktop/0830/Unreal_HW1_Animation/HW1_Animation/Saved/Autosaves/Game/BP/animation/nightshade_j_friedrich_mixamo_com_Auto1.uasset'
[2020.08.31-01.05.33:328][625]LogFileHelpers: Auto-saving content packages took 0.147
[2020.08.31-02.20.46:198][ 48]LogTemp: Repeating last play command: Selected Viewport
[2020.08.31-02.20.46:209][ 48]LogBlueprintUserMessages: Early PlayInEditor Detection: Level '/Game/ThirdPersonBP/Maps/ThirdPersonExampleMap.ThirdPersonExampleMap:PersistentLevel' has LevelScriptBlueprint '/Game/ThirdPersonBP/Maps/ThirdPersonExampleMap.ThirdPersonExampleMap:PersistentLevel.ThirdPersonExampleMap' with GeneratedClass '/Game/ThirdPersonBP/Maps/ThirdPersonExampleMap.ThirdPersonExampleMap_C' with ClassGeneratedBy '/Game/ThirdPersonBP/Maps/ThirdPersonExampleMap.ThirdPersonExampleMap:PersistentLevel.ThirdPersonExampleMap'
[2020.08.31-02.20.46:209][ 48]LogPlayLevel: PlayLevel: No blueprints needed recompiling
[2020.08.31-02.20.46:209][ 48]PIE: New page: PIE session: ThirdPersonExampleMap (2020年8月31日 下午6:20:46)
[2020.08.31-02.20.46:210][ 48]LogOnline: OSS: Creating online subsystem instance for: NULL
[2020.08.31-02.20.46:211][ 48]LogOnline: OSS: TryLoadSubsystemAndSetDefault: Loaded subsystem for module [NULL]
[2020.08.31-02.20.46:211][ 48]LogPlayLevel: Creating play world package: /Game/ThirdPersonBP/Maps/UEDPIE_0_ThirdPersonExampleMap
[2020.08.31-02.20.46:223][ 48]LogPlayLevel: PIE: StaticDuplicateObject took: (0.011871s)
[2020.08.31-02.20.46:224][ 48]LogAIModule: Creating AISystem for world ThirdPersonExampleMap
[2020.08.31-02.20.46:224][ 48]LogPlayLevel: PIE: World Init took: (0.000897s)
[2020.08.31-02.20.46:224][ 48]LogPlayLevel: PIE: Created PIE world by copying editor world from /Game/ThirdPersonBP/Maps/ThirdPersonExampleMap.ThirdPersonExampleMap to /Game/ThirdPersonBP/Maps/UEDPIE_0_ThirdPersonExampleMap.ThirdPersonExampleMap (0.012947s)
[2020.08.31-02.20.46:251][ 48]LogUObjectHash: Compacting FUObjectHashTables data took   1.29ms
[2020.08.31-02.20.46:252][ 48]LogAudioMixer: Display: Audio Mixer Platform Settings:
[2020.08.31-02.20.46:252][ 48]LogAudioMixer: Display: 	Sample Rate:						  48000
[2020.08.31-02.20.46:252][ 48]LogAudioMixer: Display: 	Callback Buffer Frame Size Requested: 1024
[2020.08.31-02.20.46:252][ 48]LogAudioMixer: Display: 	Callback Buffer Frame Size To Use:	  1024
[2020.08.31-02.20.46:252][ 48]LogAudioMixer: Display: 	Number of buffers to queue:			  2
[2020.08.31-02.20.46:252][ 48]LogAudioMixer: Display: 	Max Channels (voices):				  32
[2020.08.31-02.20.46:252][ 48]LogAudioMixer: Display: 	Number of Async Source Workers:		  0
[2020.08.31-02.20.46:252][ 48]LogAudio: Display: AudioDevice MaxSources: 32
[2020.08.31-02.20.46:252][ 48]LogAudio: Display: Using built-in audio occlusion.
[2020.08.31-02.20.46:252][ 48]LogAudioMixer: Display: Initializing audio mixer.
[2020.08.31-02.20.46:253][ 48]LogAudioMixer: Display: Using Audio Device Unknown
[2020.08.31-02.20.46:255][ 48]LogInit: FAudioDevice initialized.
[2020.08.31-02.20.46:269][ 48]LogLoad: Game class is 'ThirdPersonGameMode_C'
[2020.08.31-02.20.46:270][ 48]LogWorld: Bringing World /Game/ThirdPersonBP/Maps/UEDPIE_0_ThirdPersonExampleMap.ThirdPersonExampleMap up for play (max tick rate 0) at 2020.08.31-10.20.46
[2020.08.31-02.20.46:271][ 48]LogWorld: Bringing up level for play took: 0.000633
[2020.08.31-02.20.46:271][ 48]LogOnline: OSS: Creating online subsystem instance for: :Context_6
[2020.08.31-02.20.46:272][ 48]LogContentBrowser: Native class hierarchy updated for 'MovieSceneCapture' in 0.0002 seconds. Added 20 classes and 0 folders.
[2020.08.31-02.20.46:274][ 48]PIE: Play in editor start time for /Game/ThirdPersonBP/Maps/UEDPIE_0_ThirdPersonExampleMap -0.214
[2020.08.31-02.20.46:274][ 48]LogBlueprintUserMessages: Late PlayInEditor Detection: Level '/Game/ThirdPersonBP/Maps/ThirdPersonExampleMap.ThirdPersonExampleMap:PersistentLevel' has LevelScriptBlueprint '/Game/ThirdPersonBP/Maps/ThirdPersonExampleMap.ThirdPersonExampleMap:PersistentLevel.ThirdPersonExampleMap' with GeneratedClass '/Game/ThirdPersonBP/Maps/ThirdPersonExampleMap.ThirdPersonExampleMap_C' with ClassGeneratedBy '/Game/ThirdPersonBP/Maps/ThirdPersonExampleMap.ThirdPersonExampleMap:PersistentLevel.ThirdPersonExampleMap'
[2020.08.31-02.20.48:814][349]LogAudioMixer: Display: No commands were queued while flushing the source manager.
[2020.08.31-02.20.48:814][349]LogAudioMixer: Display: No commands were queued while flushing the source manager.
[2020.08.31-02.20.48:814][349]LogBlueprintUserMessages: Early EndPlayMap Detection: Level '/Game/ThirdPersonBP/Maps/ThirdPersonExampleMap.ThirdPersonExampleMap:PersistentLevel' has LevelScriptBlueprint '/Game/ThirdPersonBP/Maps/ThirdPersonExampleMap.ThirdPersonExampleMap:PersistentLevel.ThirdPersonExampleMap' with GeneratedClass '/Game/ThirdPersonBP/Maps/ThirdPersonExampleMap.ThirdPersonExampleMap_C' with ClassGeneratedBy '/Game/ThirdPersonBP/Maps/ThirdPersonExampleMap.ThirdPersonExampleMap:PersistentLevel.ThirdPersonExampleMap'
[2020.08.31-02.20.48:814][349]LogSlate: Updating window title bar state: overlay mode, drag disabled, window buttons hidden, title bar hidden
[2020.08.31-02.20.48:814][349]LogWorld: BeginTearingDown for /Game/ThirdPersonBP/Maps/UEDPIE_0_ThirdPersonExampleMap
[2020.08.31-02.20.48:814][349]LogAudioMixer: Display: No commands were queued while flushing the source manager.
[2020.08.31-02.20.48:814][349]LogWorld: UWorld::CleanupWorld for ThirdPersonExampleMap, bSessionEnded=true, bCleanupResources=true
[2020.08.31-02.20.48:815][349]LogSlate: InvalidateAllWidgets triggered.  All widgets were invalidated
[2020.08.31-02.20.48:820][349]LogPlayLevel: Display: Shutting down PIE online subsystems
[2020.08.31-02.20.48:820][349]LogBlueprintUserMessages: Late EndPlayMap Detection: Level '/Game/ThirdPersonBP/Maps/ThirdPersonExampleMap.ThirdPersonExampleMap:PersistentLevel' has LevelScriptBlueprint '/Game/ThirdPersonBP/Maps/ThirdPersonExampleMap.ThirdPersonExampleMap:PersistentLevel.ThirdPersonExampleMap' with GeneratedClass '/Game/ThirdPersonBP/Maps/ThirdPersonExampleMap.ThirdPersonExampleMap_C' with ClassGeneratedBy '/Game/ThirdPersonBP/Maps/ThirdPersonExampleMap.ThirdPersonExampleMap:PersistentLevel.ThirdPersonExampleMap'
[2020.08.31-02.20.48:823][349]LogSlate: InvalidateAllWidgets triggered.  All widgets were invalidated
[2020.08.31-02.20.48:845][349]LogAudioMixer: Display: No commands were queued while flushing the source manager.
[2020.08.31-02.20.48:859][349]LogSlate: Updating window title bar state: overlay mode, drag disabled, window buttons hidden, title bar hidden
[2020.08.31-02.20.48:861][349]LogUObjectHash: Compacting FUObjectHashTables data took   1.20ms
[2020.08.31-02.20.48:917][354]LogPlayLevel: Display: Destroying online subsystem :Context_6
